{"C:\\Users\\chry0\\Desktop\\Polito\\SecondoAnno\\SoftwareEngineering2\\MainProject\\KirunaExplorer2\\polito-se2-24-20-Kiruna-eXplorer\\server\\middleware.mjs": {"path":"C:\\Users\\chry0\\Desktop\\Polito\\SecondoAnno\\SoftwareEngineering2\\MainProject\\KirunaExplorer2\\polito-se2-24-20-Kiruna-eXplorer\\server\\middleware.mjs","statementMap":{"0":{"start":{"line":4,"column":30},"end":{"line":9,"column":1}},"1":{"start":{"line":5,"column":4},"end":{"line":7,"column":5}},"2":{"start":{"line":6,"column":8},"end":{"line":6,"column":22}},"3":{"start":{"line":8,"column":4},"end":{"line":8,"column":61}},"4":{"start":{"line":11,"column":27},"end":{"line":24,"column":1}},"5":{"start":{"line":12,"column":4},"end":{"line":23,"column":5}},"6":{"start":{"line":13,"column":27},"end":{"line":13,"column":47}},"7":{"start":{"line":14,"column":8},"end":{"line":14,"column":48}},"8":{"start":{"line":15,"column":8},"end":{"line":15,"column":60}},"9":{"start":{"line":16,"column":8},"end":{"line":18,"column":9}},"10":{"start":{"line":17,"column":12},"end":{"line":17,"column":26}},"11":{"start":{"line":19,"column":8},"end":{"line":19,"column":66}},"12":{"start":{"line":21,"column":8},"end":{"line":21,"column":60}},"13":{"start":{"line":22,"column":8},"end":{"line":22,"column":72}},"14":{"start":{"line":27,"column":28},"end":{"line":31,"column":1}},"15":{"start":{"line":28,"column":4},"end":{"line":30,"column":5}},"16":{"start":{"line":29,"column":8},"end":{"line":29,"column":54}}},"fnMap":{"0":{"name":"(anonymous_0)","decl":{"start":{"line":4,"column":30},"end":{"line":4,"column":31}},"loc":{"start":{"line":4,"column":50},"end":{"line":9,"column":1}},"line":4},"1":{"name":"(anonymous_1)","decl":{"start":{"line":11,"column":27},"end":{"line":11,"column":28}},"loc":{"start":{"line":11,"column":53},"end":{"line":24,"column":1}},"line":11},"2":{"name":"(anonymous_2)","decl":{"start":{"line":27,"column":28},"end":{"line":27,"column":29}},"loc":{"start":{"line":27,"column":44},"end":{"line":31,"column":1}},"line":27}},"branchMap":{"0":{"loc":{"start":{"line":5,"column":4},"end":{"line":7,"column":5}},"type":"if","locations":[{"start":{"line":5,"column":4},"end":{"line":7,"column":5}},{"start":{},"end":{}}],"line":5},"1":{"loc":{"start":{"line":5,"column":8},"end":{"line":5,"column":65}},"type":"binary-expr","locations":[{"start":{"line":5,"column":8},"end":{"line":5,"column":29}},{"start":{"line":5,"column":33},"end":{"line":5,"column":65}}],"line":5},"2":{"loc":{"start":{"line":16,"column":8},"end":{"line":18,"column":9}},"type":"if","locations":[{"start":{"line":16,"column":8},"end":{"line":18,"column":9}},{"start":{},"end":{}}],"line":16},"3":{"loc":{"start":{"line":28,"column":4},"end":{"line":30,"column":5}},"type":"if","locations":[{"start":{"line":28,"column":4},"end":{"line":30,"column":5}},{"start":{},"end":{}}],"line":28}},"s":{"0":1,"1":0,"2":0,"3":0,"4":1,"5":0,"6":0,"7":0,"8":0,"9":0,"10":0,"11":0,"12":0,"13":0,"14":1,"15":0,"16":0},"f":{"0":0,"1":0,"2":0},"b":{"0":[0,0],"1":[0,0],"2":[0,0],"3":[0,0]},"_coverageSchema":"1a1c01bbd47fc00a2c39e90264f33305004495a9","hash":"5d2e746929917a805946cb7806b2a209b8507877"}
,"C:\\Users\\chry0\\Desktop\\Polito\\SecondoAnno\\SoftwareEngineering2\\MainProject\\KirunaExplorer2\\polito-se2-24-20-Kiruna-eXplorer\\server\\server.mjs": {"path":"C:\\Users\\chry0\\Desktop\\Polito\\SecondoAnno\\SoftwareEngineering2\\MainProject\\KirunaExplorer2\\polito-se2-24-20-Kiruna-eXplorer\\server\\server.mjs","statementMap":{"0":{"start":{"line":22,"column":18},"end":{"line":22,"column":32}},"1":{"start":{"line":25,"column":12},"end":{"line":25,"column":21}},"2":{"start":{"line":26,"column":13},"end":{"line":26,"column":17}},"3":{"start":{"line":28,"column":0},"end":{"line":28,"column":24}},"4":{"start":{"line":29,"column":0},"end":{"line":29,"column":23}},"5":{"start":{"line":31,"column":0},"end":{"line":31,"column":22}},"6":{"start":{"line":33,"column":20},"end":{"line":37,"column":1}},"7":{"start":{"line":38,"column":0},"end":{"line":38,"column":27}},"8":{"start":{"line":42,"column":0},"end":{"line":53,"column":4}},"9":{"start":{"line":43,"column":4},"end":{"line":52,"column":5}},"10":{"start":{"line":44,"column":21},"end":{"line":44,"column":54}},"11":{"start":{"line":45,"column":8},"end":{"line":47,"column":9}},"12":{"start":{"line":46,"column":12},"end":{"line":46,"column":83}},"13":{"start":{"line":48,"column":8},"end":{"line":48,"column":26}},"14":{"start":{"line":49,"column":8},"end":{"line":49,"column":30}},"15":{"start":{"line":51,"column":8},"end":{"line":51,"column":23}},"16":{"start":{"line":55,"column":0},"end":{"line":57,"column":3}},"17":{"start":{"line":56,"column":4},"end":{"line":56,"column":19}},"18":{"start":{"line":59,"column":0},"end":{"line":61,"column":3}},"19":{"start":{"line":60,"column":4},"end":{"line":60,"column":26}},"20":{"start":{"line":63,"column":0},"end":{"line":68,"column":4}},"21":{"start":{"line":70,"column":0},"end":{"line":70,"column":42}},"22":{"start":{"line":72,"column":0},"end":{"line":72,"column":69}},"23":{"start":{"line":77,"column":0},"end":{"line":88,"column":3}},"24":{"start":{"line":78,"column":4},"end":{"line":87,"column":23}},"25":{"start":{"line":79,"column":8},"end":{"line":79,"column":34}},"26":{"start":{"line":79,"column":17},"end":{"line":79,"column":34}},"27":{"start":{"line":80,"column":8},"end":{"line":80,"column":72}},"28":{"start":{"line":80,"column":19},"end":{"line":80,"column":72}},"29":{"start":{"line":82,"column":8},"end":{"line":86,"column":11}},"30":{"start":{"line":83,"column":12},"end":{"line":83,"column":38}},"31":{"start":{"line":83,"column":21},"end":{"line":83,"column":38}},"32":{"start":{"line":85,"column":12},"end":{"line":85,"column":50}},"33":{"start":{"line":90,"column":0},"end":{"line":96,"column":3}},"34":{"start":{"line":91,"column":4},"end":{"line":95,"column":5}},"35":{"start":{"line":92,"column":8},"end":{"line":92,"column":39}},"36":{"start":{"line":94,"column":8},"end":{"line":94,"column":61}},"37":{"start":{"line":98,"column":0},"end":{"line":102,"column":3}},"38":{"start":{"line":99,"column":4},"end":{"line":101,"column":7}},"39":{"start":{"line":100,"column":8},"end":{"line":100,"column":18}},"40":{"start":{"line":106,"column":0},"end":{"line":156,"column":3}},"41":{"start":{"line":135,"column":19},"end":{"line":135,"column":40}},"42":{"start":{"line":136,"column":4},"end":{"line":138,"column":5}},"43":{"start":{"line":137,"column":8},"end":{"line":137,"column":64}},"44":{"start":{"line":140,"column":35},"end":{"line":140,"column":43}},"45":{"start":{"line":142,"column":4},"end":{"line":155,"column":5}},"46":{"start":{"line":144,"column":21},"end":{"line":144,"column":73}},"47":{"start":{"line":145,"column":8},"end":{"line":145,"column":35}},"48":{"start":{"line":147,"column":8},"end":{"line":147,"column":51}},"49":{"start":{"line":150,"column":8},"end":{"line":154,"column":9}},"50":{"start":{"line":151,"column":12},"end":{"line":151,"column":72}},"51":{"start":{"line":153,"column":12},"end":{"line":153,"column":70}},"52":{"start":{"line":160,"column":0},"end":{"line":169,"column":3}},"53":{"start":{"line":161,"column":4},"end":{"line":168,"column":5}},"54":{"start":{"line":162,"column":26},"end":{"line":162,"column":47}},"55":{"start":{"line":163,"column":8},"end":{"line":163,"column":97}},"56":{"start":{"line":165,"column":8},"end":{"line":165,"column":40}},"57":{"start":{"line":167,"column":8},"end":{"line":167,"column":51}},"58":{"start":{"line":172,"column":0},"end":{"line":194,"column":3}},"59":{"start":{"line":183,"column":19},"end":{"line":183,"column":40}},"60":{"start":{"line":184,"column":4},"end":{"line":186,"column":5}},"61":{"start":{"line":185,"column":8},"end":{"line":185,"column":64}},"62":{"start":{"line":188,"column":4},"end":{"line":188,"column":88}},"63":{"start":{"line":190,"column":23},"end":{"line":190,"column":50}},"64":{"start":{"line":191,"column":4},"end":{"line":191,"column":94}},"65":{"start":{"line":193,"column":4},"end":{"line":193,"column":37}},"66":{"start":{"line":197,"column":0},"end":{"line":206,"column":3}},"67":{"start":{"line":198,"column":4},"end":{"line":204,"column":5}},"68":{"start":{"line":199,"column":8},"end":{"line":199,"column":58}},"69":{"start":{"line":200,"column":8},"end":{"line":200,"column":45}},"70":{"start":{"line":201,"column":8},"end":{"line":201,"column":30}},"71":{"start":{"line":203,"column":8},"end":{"line":203,"column":51}},"72":{"start":{"line":213,"column":0},"end":{"line":221,"column":3}},"73":{"start":{"line":214,"column":4},"end":{"line":220,"column":5}},"74":{"start":{"line":215,"column":26},"end":{"line":215,"column":47}},"75":{"start":{"line":217,"column":8},"end":{"line":217,"column":40}},"76":{"start":{"line":219,"column":8},"end":{"line":219,"column":51}},"77":{"start":{"line":223,"column":0},"end":{"line":242,"column":3}},"78":{"start":{"line":228,"column":19},"end":{"line":228,"column":40}},"79":{"start":{"line":229,"column":4},"end":{"line":231,"column":5}},"80":{"start":{"line":230,"column":8},"end":{"line":230,"column":64}},"81":{"start":{"line":233,"column":4},"end":{"line":233,"column":79}},"82":{"start":{"line":236,"column":18},"end":{"line":236,"column":32}},"83":{"start":{"line":237,"column":16},"end":{"line":237,"column":28}},"84":{"start":{"line":238,"column":16},"end":{"line":238,"column":28}},"85":{"start":{"line":239,"column":4},"end":{"line":239,"column":39}},"86":{"start":{"line":241,"column":4},"end":{"line":241,"column":26}},"87":{"start":{"line":245,"column":0},"end":{"line":263,"column":3}},"88":{"start":{"line":249,"column":19},"end":{"line":249,"column":40}},"89":{"start":{"line":250,"column":4},"end":{"line":252,"column":5}},"90":{"start":{"line":251,"column":8},"end":{"line":251,"column":64}},"91":{"start":{"line":254,"column":4},"end":{"line":254,"column":79}},"92":{"start":{"line":257,"column":18},"end":{"line":257,"column":34}},"93":{"start":{"line":258,"column":16},"end":{"line":258,"column":28}},"94":{"start":{"line":259,"column":16},"end":{"line":259,"column":28}},"95":{"start":{"line":260,"column":4},"end":{"line":260,"column":42}},"96":{"start":{"line":262,"column":4},"end":{"line":262,"column":26}},"97":{"start":{"line":271,"column":0},"end":{"line":278,"column":3}},"98":{"start":{"line":272,"column":4},"end":{"line":277,"column":5}},"99":{"start":{"line":273,"column":22},"end":{"line":273,"column":42}},"100":{"start":{"line":274,"column":8},"end":{"line":274,"column":36}},"101":{"start":{"line":276,"column":8},"end":{"line":276,"column":51}},"102":{"start":{"line":280,"column":0},"end":{"line":287,"column":3}},"103":{"start":{"line":281,"column":4},"end":{"line":286,"column":5}},"104":{"start":{"line":282,"column":29},"end":{"line":282,"column":78}},"105":{"start":{"line":283,"column":8},"end":{"line":283,"column":43}},"106":{"start":{"line":285,"column":8},"end":{"line":285,"column":51}},"107":{"start":{"line":289,"column":0},"end":{"line":312,"column":3}},"108":{"start":{"line":294,"column":4},"end":{"line":294,"column":61}},"109":{"start":{"line":295,"column":19},"end":{"line":295,"column":40}},"110":{"start":{"line":296,"column":4},"end":{"line":298,"column":5}},"111":{"start":{"line":297,"column":6},"end":{"line":297,"column":62}},"112":{"start":{"line":300,"column":24},"end":{"line":304,"column":5}},"113":{"start":{"line":306,"column":4},"end":{"line":311,"column":5}},"114":{"start":{"line":307,"column":20},"end":{"line":307,"column":56}},"115":{"start":{"line":308,"column":8},"end":{"line":308,"column":44}},"116":{"start":{"line":310,"column":8},"end":{"line":310,"column":85}},"117":{"start":{"line":314,"column":0},"end":{"line":321,"column":3}},"118":{"start":{"line":315,"column":4},"end":{"line":320,"column":5}},"119":{"start":{"line":316,"column":8},"end":{"line":316,"column":58}},"120":{"start":{"line":317,"column":8},"end":{"line":317,"column":30}},"121":{"start":{"line":319,"column":8},"end":{"line":319,"column":51}},"122":{"start":{"line":323,"column":0},"end":{"line":345,"column":3}},"123":{"start":{"line":328,"column":19},"end":{"line":328,"column":40}},"124":{"start":{"line":329,"column":4},"end":{"line":331,"column":5}},"125":{"start":{"line":330,"column":8},"end":{"line":330,"column":64}},"126":{"start":{"line":332,"column":24},"end":{"line":337,"column":5}},"127":{"start":{"line":339,"column":4},"end":{"line":344,"column":5}},"128":{"start":{"line":340,"column":8},"end":{"line":340,"column":45}},"129":{"start":{"line":341,"column":8},"end":{"line":341,"column":30}},"130":{"start":{"line":343,"column":8},"end":{"line":343,"column":74}},"131":{"start":{"line":348,"column":0},"end":{"line":379,"column":3}},"132":{"start":{"line":349,"column":4},"end":{"line":378,"column":5}},"133":{"start":{"line":350,"column":4},"end":{"line":352,"column":5}},"134":{"start":{"line":351,"column":8},"end":{"line":351,"column":57}},"135":{"start":{"line":354,"column":18},"end":{"line":354,"column":86}},"136":{"start":{"line":356,"column":4},"end":{"line":372,"column":7}},"137":{"start":{"line":358,"column":24},"end":{"line":358,"column":45}},"138":{"start":{"line":360,"column":27},"end":{"line":360,"column":69}},"139":{"start":{"line":361,"column":8},"end":{"line":361,"column":57}},"140":{"start":{"line":362,"column":8},"end":{"line":362,"column":33}},"141":{"start":{"line":365,"column":25},"end":{"line":365,"column":57}},"142":{"start":{"line":366,"column":8},"end":{"line":371,"column":11}},"143":{"start":{"line":367,"column":12},"end":{"line":370,"column":13}},"144":{"start":{"line":368,"column":16},"end":{"line":368,"column":64}},"145":{"start":{"line":369,"column":16},"end":{"line":369,"column":73}},"146":{"start":{"line":374,"column":4},"end":{"line":374,"column":44}},"147":{"start":{"line":376,"column":8},"end":{"line":376,"column":56}},"148":{"start":{"line":377,"column":8},"end":{"line":377,"column":51}},"149":{"start":{"line":381,"column":0},"end":{"line":410,"column":3}},"150":{"start":{"line":382,"column":22},"end":{"line":382,"column":38}},"151":{"start":{"line":383,"column":22},"end":{"line":383,"column":53}},"152":{"start":{"line":384,"column":4},"end":{"line":384,"column":26}},"153":{"start":{"line":387,"column":29},"end":{"line":391,"column":6}},"154":{"start":{"line":388,"column":25},"end":{"line":388,"column":51}},"155":{"start":{"line":389,"column":8},"end":{"line":389,"column":29}},"156":{"start":{"line":390,"column":8},"end":{"line":390,"column":51}},"157":{"start":{"line":392,"column":4},"end":{"line":392,"column":41}},"158":{"start":{"line":393,"column":4},"end":{"line":393,"column":67}},"159":{"start":{"line":395,"column":4},"end":{"line":397,"column":5}},"160":{"start":{"line":396,"column":8},"end":{"line":396,"column":79}},"161":{"start":{"line":399,"column":23},"end":{"line":399,"column":54}},"162":{"start":{"line":400,"column":4},"end":{"line":400,"column":63}},"163":{"start":{"line":403,"column":18},"end":{"line":406,"column":7}},"164":{"start":{"line":403,"column":60},"end":{"line":406,"column":5}},"165":{"start":{"line":407,"column":4},"end":{"line":407,"column":22}},"166":{"start":{"line":409,"column":4},"end":{"line":409,"column":20}},"167":{"start":{"line":415,"column":0},"end":{"line":417,"column":1}},"168":{"start":{"line":416,"column":4},"end":{"line":416,"column":95}},"169":{"start":{"line":416,"column":29},"end":{"line":416,"column":91}}},"fnMap":{"0":{"name":"verify","decl":{"start":{"line":42,"column":46},"end":{"line":42,"column":52}},"loc":{"start":{"line":42,"column":77},"end":{"line":53,"column":1}},"line":42},"1":{"name":"(anonymous_1)","decl":{"start":{"line":55,"column":23},"end":{"line":55,"column":24}},"loc":{"start":{"line":55,"column":43},"end":{"line":57,"column":1}},"line":55},"2":{"name":"(anonymous_2)","decl":{"start":{"line":59,"column":25},"end":{"line":59,"column":26}},"loc":{"start":{"line":59,"column":45},"end":{"line":61,"column":1}},"line":59},"3":{"name":"(anonymous_3)","decl":{"start":{"line":77,"column":26},"end":{"line":77,"column":27}},"loc":{"start":{"line":77,"column":46},"end":{"line":88,"column":1}},"line":77},"4":{"name":"(anonymous_4)","decl":{"start":{"line":78,"column":35},"end":{"line":78,"column":36}},"loc":{"start":{"line":78,"column":56},"end":{"line":87,"column":5}},"line":78},"5":{"name":"(anonymous_5)","decl":{"start":{"line":82,"column":24},"end":{"line":82,"column":25}},"loc":{"start":{"line":82,"column":33},"end":{"line":86,"column":9}},"line":82},"6":{"name":"(anonymous_6)","decl":{"start":{"line":90,"column":33},"end":{"line":90,"column":34}},"loc":{"start":{"line":90,"column":47},"end":{"line":96,"column":1}},"line":90},"7":{"name":"(anonymous_7)","decl":{"start":{"line":98,"column":36},"end":{"line":98,"column":37}},"loc":{"start":{"line":98,"column":50},"end":{"line":102,"column":1}},"line":98},"8":{"name":"(anonymous_8)","decl":{"start":{"line":99,"column":15},"end":{"line":99,"column":16}},"loc":{"start":{"line":99,"column":21},"end":{"line":101,"column":5}},"line":99},"9":{"name":"(anonymous_9)","decl":{"start":{"line":133,"column":3},"end":{"line":133,"column":4}},"loc":{"start":{"line":133,"column":23},"end":{"line":156,"column":1}},"line":133},"10":{"name":"(anonymous_10)","decl":{"start":{"line":160,"column":29},"end":{"line":160,"column":30}},"loc":{"start":{"line":160,"column":48},"end":{"line":169,"column":1}},"line":160},"11":{"name":"(anonymous_11)","decl":{"start":{"line":182,"column":3},"end":{"line":182,"column":4}},"loc":{"start":{"line":182,"column":23},"end":{"line":194,"column":1}},"line":182},"12":{"name":"(anonymous_12)","decl":{"start":{"line":197,"column":46},"end":{"line":197,"column":47}},"loc":{"start":{"line":197,"column":64},"end":{"line":206,"column":1}},"line":197},"13":{"name":"(anonymous_13)","decl":{"start":{"line":213,"column":29},"end":{"line":213,"column":30}},"loc":{"start":{"line":213,"column":48},"end":{"line":221,"column":1}},"line":213},"14":{"name":"(anonymous_14)","decl":{"start":{"line":227,"column":3},"end":{"line":227,"column":4}},"loc":{"start":{"line":227,"column":23},"end":{"line":242,"column":1}},"line":227},"15":{"name":"(anonymous_15)","decl":{"start":{"line":248,"column":3},"end":{"line":248,"column":4}},"loc":{"start":{"line":248,"column":23},"end":{"line":263,"column":1}},"line":248},"16":{"name":"(anonymous_16)","decl":{"start":{"line":271,"column":29},"end":{"line":271,"column":30}},"loc":{"start":{"line":271,"column":48},"end":{"line":278,"column":1}},"line":271},"17":{"name":"(anonymous_17)","decl":{"start":{"line":280,"column":39},"end":{"line":280,"column":40}},"loc":{"start":{"line":280,"column":58},"end":{"line":287,"column":1}},"line":280},"18":{"name":"(anonymous_18)","decl":{"start":{"line":293,"column":5},"end":{"line":293,"column":6}},"loc":{"start":{"line":293,"column":25},"end":{"line":312,"column":1}},"line":293},"19":{"name":"(anonymous_19)","decl":{"start":{"line":314,"column":54},"end":{"line":314,"column":55}},"loc":{"start":{"line":314,"column":72},"end":{"line":321,"column":1}},"line":314},"20":{"name":"(anonymous_20)","decl":{"start":{"line":327,"column":3},"end":{"line":327,"column":4}},"loc":{"start":{"line":327,"column":23},"end":{"line":345,"column":1}},"line":327},"21":{"name":"(anonymous_21)","decl":{"start":{"line":348,"column":31},"end":{"line":348,"column":32}},"loc":{"start":{"line":348,"column":45},"end":{"line":379,"column":1}},"line":348},"22":{"name":"(anonymous_22)","decl":{"start":{"line":356,"column":18},"end":{"line":356,"column":19}},"loc":{"start":{"line":356,"column":28},"end":{"line":372,"column":5}},"line":356},"23":{"name":"(anonymous_23)","decl":{"start":{"line":366,"column":26},"end":{"line":366,"column":27}},"loc":{"start":{"line":366,"column":35},"end":{"line":371,"column":9}},"line":366},"24":{"name":"(anonymous_24)","decl":{"start":{"line":381,"column":29},"end":{"line":381,"column":30}},"loc":{"start":{"line":381,"column":43},"end":{"line":410,"column":1}},"line":381},"25":{"name":"(anonymous_25)","decl":{"start":{"line":387,"column":62},"end":{"line":387,"column":63}},"loc":{"start":{"line":387,"column":72},"end":{"line":391,"column":5}},"line":387},"26":{"name":"(anonymous_26)","decl":{"start":{"line":403,"column":49},"end":{"line":403,"column":50}},"loc":{"start":{"line":403,"column":60},"end":{"line":406,"column":5}},"line":403},"27":{"name":"(anonymous_27)","decl":{"start":{"line":416,"column":21},"end":{"line":416,"column":22}},"loc":{"start":{"line":416,"column":27},"end":{"line":416,"column":93}},"line":416}},"branchMap":{"0":{"loc":{"start":{"line":45,"column":8},"end":{"line":47,"column":9}},"type":"if","locations":[{"start":{"line":45,"column":8},"end":{"line":47,"column":9}},{"start":{},"end":{}}],"line":45},"1":{"loc":{"start":{"line":79,"column":8},"end":{"line":79,"column":34}},"type":"if","locations":[{"start":{"line":79,"column":8},"end":{"line":79,"column":34}},{"start":{},"end":{}}],"line":79},"2":{"loc":{"start":{"line":80,"column":8},"end":{"line":80,"column":72}},"type":"if","locations":[{"start":{"line":80,"column":8},"end":{"line":80,"column":72}},{"start":{},"end":{}}],"line":80},"3":{"loc":{"start":{"line":83,"column":12},"end":{"line":83,"column":38}},"type":"if","locations":[{"start":{"line":83,"column":12},"end":{"line":83,"column":38}},{"start":{},"end":{}}],"line":83},"4":{"loc":{"start":{"line":91,"column":4},"end":{"line":95,"column":5}},"type":"if","locations":[{"start":{"line":91,"column":4},"end":{"line":95,"column":5}},{"start":{"line":93,"column":11},"end":{"line":95,"column":5}}],"line":91},"5":{"loc":{"start":{"line":136,"column":4},"end":{"line":138,"column":5}},"type":"if","locations":[{"start":{"line":136,"column":4},"end":{"line":138,"column":5}},{"start":{},"end":{}}],"line":136},"6":{"loc":{"start":{"line":150,"column":8},"end":{"line":154,"column":9}},"type":"if","locations":[{"start":{"line":150,"column":8},"end":{"line":154,"column":9}},{"start":{"line":152,"column":15},"end":{"line":154,"column":9}}],"line":150},"7":{"loc":{"start":{"line":184,"column":4},"end":{"line":186,"column":5}},"type":"if","locations":[{"start":{"line":184,"column":4},"end":{"line":186,"column":5}},{"start":{},"end":{}}],"line":184},"8":{"loc":{"start":{"line":229,"column":4},"end":{"line":231,"column":5}},"type":"if","locations":[{"start":{"line":229,"column":4},"end":{"line":231,"column":5}},{"start":{},"end":{}}],"line":229},"9":{"loc":{"start":{"line":250,"column":4},"end":{"line":252,"column":5}},"type":"if","locations":[{"start":{"line":250,"column":4},"end":{"line":252,"column":5}},{"start":{},"end":{}}],"line":250},"10":{"loc":{"start":{"line":296,"column":4},"end":{"line":298,"column":5}},"type":"if","locations":[{"start":{"line":296,"column":4},"end":{"line":298,"column":5}},{"start":{},"end":{}}],"line":296},"11":{"loc":{"start":{"line":329,"column":4},"end":{"line":331,"column":5}},"type":"if","locations":[{"start":{"line":329,"column":4},"end":{"line":331,"column":5}},{"start":{},"end":{}}],"line":329},"12":{"loc":{"start":{"line":350,"column":4},"end":{"line":352,"column":5}},"type":"if","locations":[{"start":{"line":350,"column":4},"end":{"line":352,"column":5}},{"start":{},"end":{}}],"line":350},"13":{"loc":{"start":{"line":350,"column":8},"end":{"line":350,"column":57}},"type":"binary-expr","locations":[{"start":{"line":350,"column":8},"end":{"line":350,"column":18}},{"start":{"line":350,"column":22},"end":{"line":350,"column":57}}],"line":350},"14":{"loc":{"start":{"line":354,"column":18},"end":{"line":354,"column":86}},"type":"cond-expr","locations":[{"start":{"line":354,"column":51},"end":{"line":354,"column":66}},{"start":{"line":354,"column":69},"end":{"line":354,"column":86}}],"line":354},"15":{"loc":{"start":{"line":367,"column":12},"end":{"line":370,"column":13}},"type":"if","locations":[{"start":{"line":367,"column":12},"end":{"line":370,"column":13}},{"start":{},"end":{}}],"line":367},"16":{"loc":{"start":{"line":395,"column":4},"end":{"line":397,"column":5}},"type":"if","locations":[{"start":{"line":395,"column":4},"end":{"line":397,"column":5}},{"start":{},"end":{}}],"line":395},"17":{"loc":{"start":{"line":415,"column":0},"end":{"line":417,"column":1}},"type":"if","locations":[{"start":{"line":415,"column":0},"end":{"line":417,"column":1}},{"start":{},"end":{}}],"line":415}},"s":{"0":1,"1":1,"2":1,"3":1,"4":1,"5":1,"6":1,"7":1,"8":1,"9":0,"10":0,"11":0,"12":0,"13":0,"14":0,"15":0,"16":1,"17":0,"18":1,"19":0,"20":1,"21":1,"22":1,"23":1,"24":0,"25":0,"26":0,"27":0,"28":0,"29":0,"30":0,"31":0,"32":0,"33":1,"34":0,"35":0,"36":0,"37":1,"38":0,"39":0,"40":1,"41":0,"42":0,"43":0,"44":0,"45":0,"46":0,"47":0,"48":0,"49":0,"50":0,"51":0,"52":1,"53":0,"54":0,"55":0,"56":0,"57":0,"58":1,"59":0,"60":0,"61":0,"62":0,"63":0,"64":0,"65":0,"66":1,"67":0,"68":0,"69":0,"70":0,"71":0,"72":1,"73":0,"74":0,"75":0,"76":0,"77":1,"78":0,"79":0,"80":0,"81":0,"82":0,"83":0,"84":0,"85":0,"86":0,"87":1,"88":0,"89":0,"90":0,"91":0,"92":0,"93":0,"94":0,"95":0,"96":0,"97":1,"98":0,"99":0,"100":0,"101":0,"102":1,"103":0,"104":0,"105":0,"106":0,"107":1,"108":0,"109":0,"110":0,"111":0,"112":0,"113":0,"114":0,"115":0,"116":0,"117":1,"118":0,"119":0,"120":0,"121":0,"122":1,"123":0,"124":0,"125":0,"126":0,"127":0,"128":0,"129":0,"130":0,"131":1,"132":2,"133":2,"134":0,"135":2,"136":2,"137":2,"138":2,"139":2,"140":2,"141":2,"142":2,"143":2,"144":0,"145":0,"146":2,"147":0,"148":0,"149":1,"150":0,"151":0,"152":0,"153":0,"154":0,"155":0,"156":0,"157":0,"158":0,"159":0,"160":0,"161":0,"162":0,"163":0,"164":0,"165":0,"166":0,"167":1,"168":0,"169":0},"f":{"0":0,"1":0,"2":0,"3":0,"4":0,"5":0,"6":0,"7":0,"8":0,"9":0,"10":0,"11":0,"12":0,"13":0,"14":0,"15":0,"16":0,"17":0,"18":0,"19":0,"20":0,"21":2,"22":2,"23":2,"24":0,"25":0,"26":0,"27":0},"b":{"0":[0,0],"1":[0,0],"2":[0,0],"3":[0,0],"4":[0,0],"5":[0,0],"6":[0,0],"7":[0,0],"8":[0,0],"9":[0,0],"10":[0,0],"11":[0,0],"12":[0,2],"13":[2,2],"14":[2,0],"15":[0,2],"16":[0,0],"17":[0,1]},"_coverageSchema":"1a1c01bbd47fc00a2c39e90264f33305004495a9","hash":"a45472cd1b1c2a8dd9d37470d802e97791156dad"}
,"C:\\Users\\chry0\\Desktop\\Polito\\SecondoAnno\\SoftwareEngineering2\\MainProject\\KirunaExplorer2\\polito-se2-24-20-Kiruna-eXplorer\\server\\src\\dao\\associationDAO.mjs": {"path":"C:\\Users\\chry0\\Desktop\\Polito\\SecondoAnno\\SoftwareEngineering2\\MainProject\\KirunaExplorer2\\polito-se2-24-20-Kiruna-eXplorer\\server\\src\\dao\\associationDAO.mjs","statementMap":{"0":{"start":{"line":6,"column":31},"end":{"line":18,"column":1}},"1":{"start":{"line":7,"column":4},"end":{"line":17,"column":7}},"2":{"start":{"line":8,"column":20},"end":{"line":8,"column":70}},"3":{"start":{"line":9,"column":8},"end":{"line":16,"column":10}},"4":{"start":{"line":10,"column":12},"end":{"line":15,"column":13}},"5":{"start":{"line":11,"column":16},"end":{"line":11,"column":28}},"6":{"start":{"line":13,"column":31},"end":{"line":13,"column":104}},"7":{"start":{"line":13,"column":47},"end":{"line":13,"column":103}},"8":{"start":{"line":14,"column":16},"end":{"line":14,"column":32}},"9":{"start":{"line":22,"column":33},"end":{"line":39,"column":1}},"10":{"start":{"line":23,"column":4},"end":{"line":38,"column":7}},"11":{"start":{"line":24,"column":8},"end":{"line":37,"column":9}},"12":{"start":{"line":25,"column":27},"end":{"line":25,"column":66}},"13":{"start":{"line":26,"column":12},"end":{"line":26,"column":78}},"14":{"start":{"line":27,"column":30},"end":{"line":27,"column":93}},"15":{"start":{"line":28,"column":12},"end":{"line":34,"column":15}},"16":{"start":{"line":29,"column":16},"end":{"line":33,"column":17}},"17":{"start":{"line":30,"column":20},"end":{"line":30,"column":32}},"18":{"start":{"line":32,"column":20},"end":{"line":32,"column":41}},"19":{"start":{"line":36,"column":12},"end":{"line":36,"column":24}},"20":{"start":{"line":43,"column":33},"end":{"line":54,"column":1}},"21":{"start":{"line":44,"column":4},"end":{"line":53,"column":7}},"22":{"start":{"line":45,"column":20},"end":{"line":45,"column":58}},"23":{"start":{"line":46,"column":8},"end":{"line":52,"column":10}},"24":{"start":{"line":47,"column":12},"end":{"line":51,"column":13}},"25":{"start":{"line":48,"column":16},"end":{"line":48,"column":28}},"26":{"start":{"line":50,"column":16},"end":{"line":50,"column":26}},"27":{"start":{"line":56,"column":33},"end":{"line":72,"column":1}},"28":{"start":{"line":57,"column":4},"end":{"line":71,"column":7}},"29":{"start":{"line":58,"column":8},"end":{"line":70,"column":9}},"30":{"start":{"line":59,"column":27},"end":{"line":59,"column":66}},"31":{"start":{"line":60,"column":30},"end":{"line":60,"column":91}},"32":{"start":{"line":61,"column":12},"end":{"line":67,"column":15}},"33":{"start":{"line":62,"column":16},"end":{"line":66,"column":17}},"34":{"start":{"line":63,"column":20},"end":{"line":63,"column":32}},"35":{"start":{"line":65,"column":20},"end":{"line":65,"column":30}},"36":{"start":{"line":69,"column":12},"end":{"line":69,"column":24}}},"fnMap":{"0":{"name":"(anonymous_0)","decl":{"start":{"line":6,"column":31},"end":{"line":6,"column":32}},"loc":{"start":{"line":6,"column":42},"end":{"line":18,"column":1}},"line":6},"1":{"name":"(anonymous_1)","decl":{"start":{"line":7,"column":23},"end":{"line":7,"column":24}},"loc":{"start":{"line":7,"column":44},"end":{"line":17,"column":5}},"line":7},"2":{"name":"(anonymous_2)","decl":{"start":{"line":9,"column":61},"end":{"line":9,"column":62}},"loc":{"start":{"line":9,"column":76},"end":{"line":16,"column":9}},"line":9},"3":{"name":"(anonymous_3)","decl":{"start":{"line":13,"column":40},"end":{"line":13,"column":41}},"loc":{"start":{"line":13,"column":47},"end":{"line":13,"column":103}},"line":13},"4":{"name":"(anonymous_4)","decl":{"start":{"line":22,"column":33},"end":{"line":22,"column":34}},"loc":{"start":{"line":22,"column":50},"end":{"line":39,"column":1}},"line":22},"5":{"name":"(anonymous_5)","decl":{"start":{"line":23,"column":23},"end":{"line":23,"column":24}},"loc":{"start":{"line":23,"column":50},"end":{"line":38,"column":5}},"line":23},"6":{"name":"(anonymous_6)","decl":{"start":{"line":28,"column":115},"end":{"line":28,"column":116}},"loc":{"start":{"line":28,"column":130},"end":{"line":34,"column":13}},"line":28},"7":{"name":"(anonymous_7)","decl":{"start":{"line":43,"column":33},"end":{"line":43,"column":34}},"loc":{"start":{"line":43,"column":42},"end":{"line":54,"column":1}},"line":43},"8":{"name":"(anonymous_8)","decl":{"start":{"line":44,"column":23},"end":{"line":44,"column":24}},"loc":{"start":{"line":44,"column":44},"end":{"line":53,"column":5}},"line":44},"9":{"name":"(anonymous_9)","decl":{"start":{"line":46,"column":40},"end":{"line":46,"column":41}},"loc":{"start":{"line":46,"column":55},"end":{"line":52,"column":9}},"line":46},"10":{"name":"(anonymous_10)","decl":{"start":{"line":56,"column":33},"end":{"line":56,"column":34}},"loc":{"start":{"line":56,"column":50},"end":{"line":72,"column":1}},"line":56},"11":{"name":"(anonymous_11)","decl":{"start":{"line":57,"column":23},"end":{"line":57,"column":24}},"loc":{"start":{"line":57,"column":50},"end":{"line":71,"column":5}},"line":57},"12":{"name":"(anonymous_12)","decl":{"start":{"line":61,"column":145},"end":{"line":61,"column":146}},"loc":{"start":{"line":61,"column":154},"end":{"line":67,"column":13}},"line":61}},"branchMap":{"0":{"loc":{"start":{"line":10,"column":12},"end":{"line":15,"column":13}},"type":"if","locations":[{"start":{"line":10,"column":12},"end":{"line":15,"column":13}},{"start":{"line":12,"column":19},"end":{"line":15,"column":13}}],"line":10},"1":{"loc":{"start":{"line":29,"column":16},"end":{"line":33,"column":17}},"type":"if","locations":[{"start":{"line":29,"column":16},"end":{"line":33,"column":17}},{"start":{"line":31,"column":23},"end":{"line":33,"column":17}}],"line":29},"2":{"loc":{"start":{"line":47,"column":12},"end":{"line":51,"column":13}},"type":"if","locations":[{"start":{"line":47,"column":12},"end":{"line":51,"column":13}},{"start":{"line":49,"column":19},"end":{"line":51,"column":13}}],"line":47},"3":{"loc":{"start":{"line":62,"column":16},"end":{"line":66,"column":17}},"type":"if","locations":[{"start":{"line":62,"column":16},"end":{"line":66,"column":17}},{"start":{"line":64,"column":23},"end":{"line":66,"column":17}}],"line":62}},"s":{"0":1,"1":0,"2":0,"3":0,"4":0,"5":0,"6":0,"7":0,"8":0,"9":1,"10":0,"11":0,"12":0,"13":0,"14":0,"15":0,"16":0,"17":0,"18":0,"19":0,"20":1,"21":0,"22":0,"23":0,"24":0,"25":0,"26":0,"27":1,"28":0,"29":0,"30":0,"31":0,"32":0,"33":0,"34":0,"35":0,"36":0},"f":{"0":0,"1":0,"2":0,"3":0,"4":0,"5":0,"6":0,"7":0,"8":0,"9":0,"10":0,"11":0,"12":0},"b":{"0":[0,0],"1":[0,0],"2":[0,0],"3":[0,0]},"_coverageSchema":"1a1c01bbd47fc00a2c39e90264f33305004495a9","hash":"5c3b21e750beb4f359f53152d8d02e7c03733777"}
,"C:\\Users\\chry0\\Desktop\\Polito\\SecondoAnno\\SoftwareEngineering2\\MainProject\\KirunaExplorer2\\polito-se2-24-20-Kiruna-eXplorer\\server\\src\\dao\\documentDAO.mjs": {"path":"C:\\Users\\chry0\\Desktop\\Polito\\SecondoAnno\\SoftwareEngineering2\\MainProject\\KirunaExplorer2\\polito-se2-24-20-Kiruna-eXplorer\\server\\src\\dao\\documentDAO.mjs","statementMap":{"0":{"start":{"line":4,"column":29},"end":{"line":19,"column":1}},"1":{"start":{"line":5,"column":4},"end":{"line":18,"column":7}},"2":{"start":{"line":6,"column":8},"end":{"line":17,"column":11}},"3":{"start":{"line":7,"column":12},"end":{"line":16,"column":13}},"4":{"start":{"line":8,"column":16},"end":{"line":8,"column":28}},"5":{"start":{"line":10,"column":16},"end":{"line":15,"column":17}},"6":{"start":{"line":11,"column":38},"end":{"line":11,"column":206}},"7":{"start":{"line":11,"column":54},"end":{"line":11,"column":205}},"8":{"start":{"line":12,"column":20},"end":{"line":12,"column":39}},"9":{"start":{"line":14,"column":20},"end":{"line":14,"column":32}},"10":{"start":{"line":22,"column":27},"end":{"line":46,"column":1}},"11":{"start":{"line":23,"column":4},"end":{"line":45,"column":7}},"12":{"start":{"line":24,"column":8},"end":{"line":44,"column":10}},"13":{"start":{"line":38,"column":20},"end":{"line":42,"column":21}},"14":{"start":{"line":39,"column":24},"end":{"line":39,"column":36}},"15":{"start":{"line":41,"column":24},"end":{"line":41,"column":45}},"16":{"start":{"line":48,"column":30},"end":{"line":59,"column":1}},"17":{"start":{"line":49,"column":4},"end":{"line":58,"column":6}},"18":{"start":{"line":50,"column":20},"end":{"line":50,"column":56}},"19":{"start":{"line":51,"column":8},"end":{"line":57,"column":10}},"20":{"start":{"line":52,"column":12},"end":{"line":56,"column":13}},"21":{"start":{"line":53,"column":16},"end":{"line":53,"column":28}},"22":{"start":{"line":55,"column":16},"end":{"line":55,"column":26}}},"fnMap":{"0":{"name":"(anonymous_0)","decl":{"start":{"line":4,"column":29},"end":{"line":4,"column":30}},"loc":{"start":{"line":4,"column":35},"end":{"line":19,"column":1}},"line":4},"1":{"name":"(anonymous_1)","decl":{"start":{"line":5,"column":23},"end":{"line":5,"column":24}},"loc":{"start":{"line":5,"column":44},"end":{"line":18,"column":5}},"line":5},"2":{"name":"(anonymous_2)","decl":{"start":{"line":6,"column":41},"end":{"line":6,"column":42}},"loc":{"start":{"line":6,"column":56},"end":{"line":17,"column":9}},"line":6},"3":{"name":"(anonymous_3)","decl":{"start":{"line":11,"column":47},"end":{"line":11,"column":48}},"loc":{"start":{"line":11,"column":54},"end":{"line":11,"column":205}},"line":11},"4":{"name":"(anonymous_4)","decl":{"start":{"line":22,"column":27},"end":{"line":22,"column":28}},"loc":{"start":{"line":22,"column":41},"end":{"line":46,"column":1}},"line":22},"5":{"name":"(anonymous_5)","decl":{"start":{"line":23,"column":23},"end":{"line":23,"column":24}},"loc":{"start":{"line":23,"column":44},"end":{"line":45,"column":5}},"line":23},"6":{"name":"(anonymous_6)","decl":{"start":{"line":37,"column":12},"end":{"line":37,"column":13}},"loc":{"start":{"line":37,"column":27},"end":{"line":43,"column":13}},"line":37},"7":{"name":"(anonymous_7)","decl":{"start":{"line":48,"column":30},"end":{"line":48,"column":31}},"loc":{"start":{"line":48,"column":40},"end":{"line":59,"column":1}},"line":48},"8":{"name":"(anonymous_8)","decl":{"start":{"line":49,"column":23},"end":{"line":49,"column":24}},"loc":{"start":{"line":49,"column":44},"end":{"line":58,"column":5}},"line":49},"9":{"name":"(anonymous_9)","decl":{"start":{"line":51,"column":27},"end":{"line":51,"column":28}},"loc":{"start":{"line":51,"column":42},"end":{"line":57,"column":9}},"line":51}},"branchMap":{"0":{"loc":{"start":{"line":7,"column":12},"end":{"line":16,"column":13}},"type":"if","locations":[{"start":{"line":7,"column":12},"end":{"line":16,"column":13}},{"start":{"line":9,"column":19},"end":{"line":16,"column":13}}],"line":7},"1":{"loc":{"start":{"line":10,"column":16},"end":{"line":15,"column":17}},"type":"if","locations":[{"start":{"line":10,"column":16},"end":{"line":15,"column":17}},{"start":{"line":13,"column":21},"end":{"line":15,"column":17}}],"line":10},"2":{"loc":{"start":{"line":38,"column":20},"end":{"line":42,"column":21}},"type":"if","locations":[{"start":{"line":38,"column":20},"end":{"line":42,"column":21}},{"start":{"line":40,"column":27},"end":{"line":42,"column":21}}],"line":38},"3":{"loc":{"start":{"line":52,"column":12},"end":{"line":56,"column":13}},"type":"if","locations":[{"start":{"line":52,"column":12},"end":{"line":56,"column":13}},{"start":{"line":54,"column":19},"end":{"line":56,"column":13}}],"line":52}},"s":{"0":1,"1":0,"2":0,"3":0,"4":0,"5":0,"6":0,"7":0,"8":0,"9":0,"10":1,"11":0,"12":0,"13":0,"14":0,"15":0,"16":1,"17":0,"18":0,"19":0,"20":0,"21":0,"22":0},"f":{"0":0,"1":0,"2":0,"3":0,"4":0,"5":0,"6":0,"7":0,"8":0,"9":0},"b":{"0":[0,0],"1":[0,0],"2":[0,0],"3":[0,0]},"_coverageSchema":"1a1c01bbd47fc00a2c39e90264f33305004495a9","hash":"e4da3a4247beb165e90b8cca925d158feb4735f5"}
,"C:\\Users\\chry0\\Desktop\\Polito\\SecondoAnno\\SoftwareEngineering2\\MainProject\\KirunaExplorer2\\polito-se2-24-20-Kiruna-eXplorer\\server\\src\\dao\\linkTypeDAO.mjs": {"path":"C:\\Users\\chry0\\Desktop\\Polito\\SecondoAnno\\SoftwareEngineering2\\MainProject\\KirunaExplorer2\\polito-se2-24-20-Kiruna-eXplorer\\server\\src\\dao\\linkTypeDAO.mjs","statementMap":{"0":{"start":{"line":3,"column":27},"end":{"line":15,"column":1}},"1":{"start":{"line":4,"column":4},"end":{"line":14,"column":7}},"2":{"start":{"line":5,"column":20},"end":{"line":5,"column":44}},"3":{"start":{"line":6,"column":8},"end":{"line":13,"column":10}},"4":{"start":{"line":7,"column":12},"end":{"line":12,"column":13}},"5":{"start":{"line":8,"column":16},"end":{"line":8,"column":28}},"6":{"start":{"line":10,"column":30},"end":{"line":10,"column":53}},"7":{"start":{"line":10,"column":44},"end":{"line":10,"column":52}},"8":{"start":{"line":11,"column":16},"end":{"line":11,"column":31}},"9":{"start":{"line":17,"column":31},"end":{"line":29,"column":1}},"10":{"start":{"line":18,"column":4},"end":{"line":28,"column":7}},"11":{"start":{"line":19,"column":8},"end":{"line":27,"column":11}},"12":{"start":{"line":20,"column":12},"end":{"line":26,"column":13}},"13":{"start":{"line":21,"column":16},"end":{"line":21,"column":28}},"14":{"start":{"line":22,"column":19},"end":{"line":26,"column":13}},"15":{"start":{"line":23,"column":16},"end":{"line":23,"column":52}},"16":{"start":{"line":25,"column":16},"end":{"line":25,"column":36}}},"fnMap":{"0":{"name":"(anonymous_0)","decl":{"start":{"line":3,"column":27},"end":{"line":3,"column":28}},"loc":{"start":{"line":3,"column":33},"end":{"line":15,"column":1}},"line":3},"1":{"name":"(anonymous_1)","decl":{"start":{"line":4,"column":23},"end":{"line":4,"column":24}},"loc":{"start":{"line":4,"column":44},"end":{"line":14,"column":5}},"line":4},"2":{"name":"(anonymous_2)","decl":{"start":{"line":6,"column":24},"end":{"line":6,"column":25}},"loc":{"start":{"line":6,"column":39},"end":{"line":13,"column":9}},"line":6},"3":{"name":"(anonymous_3)","decl":{"start":{"line":10,"column":39},"end":{"line":10,"column":40}},"loc":{"start":{"line":10,"column":44},"end":{"line":10,"column":52}},"line":10},"4":{"name":"(anonymous_4)","decl":{"start":{"line":17,"column":31},"end":{"line":17,"column":32}},"loc":{"start":{"line":17,"column":41},"end":{"line":29,"column":1}},"line":17},"5":{"name":"(anonymous_5)","decl":{"start":{"line":18,"column":23},"end":{"line":18,"column":24}},"loc":{"start":{"line":18,"column":44},"end":{"line":28,"column":5}},"line":18},"6":{"name":"(anonymous_6)","decl":{"start":{"line":19,"column":69},"end":{"line":19,"column":70}},"loc":{"start":{"line":19,"column":83},"end":{"line":27,"column":9}},"line":19}},"branchMap":{"0":{"loc":{"start":{"line":7,"column":12},"end":{"line":12,"column":13}},"type":"if","locations":[{"start":{"line":7,"column":12},"end":{"line":12,"column":13}},{"start":{"line":9,"column":19},"end":{"line":12,"column":13}}],"line":7},"1":{"loc":{"start":{"line":20,"column":12},"end":{"line":26,"column":13}},"type":"if","locations":[{"start":{"line":20,"column":12},"end":{"line":26,"column":13}},{"start":{"line":22,"column":19},"end":{"line":26,"column":13}}],"line":20},"2":{"loc":{"start":{"line":22,"column":19},"end":{"line":26,"column":13}},"type":"if","locations":[{"start":{"line":22,"column":19},"end":{"line":26,"column":13}},{"start":{"line":24,"column":19},"end":{"line":26,"column":13}}],"line":22}},"s":{"0":1,"1":0,"2":0,"3":0,"4":0,"5":0,"6":0,"7":0,"8":0,"9":1,"10":0,"11":0,"12":0,"13":0,"14":0,"15":0,"16":0},"f":{"0":0,"1":0,"2":0,"3":0,"4":0,"5":0,"6":0},"b":{"0":[0,0],"1":[0,0],"2":[0,0]},"_coverageSchema":"1a1c01bbd47fc00a2c39e90264f33305004495a9","hash":"7caa4c617a2a1e9b0bdd0bdb8a39a15b9eb357ec"}
,"C:\\Users\\chry0\\Desktop\\Polito\\SecondoAnno\\SoftwareEngineering2\\MainProject\\KirunaExplorer2\\polito-se2-24-20-Kiruna-eXplorer\\server\\src\\dao\\positionDAO.mjs": {"path":"C:\\Users\\chry0\\Desktop\\Polito\\SecondoAnno\\SoftwareEngineering2\\MainProject\\KirunaExplorer2\\polito-se2-24-20-Kiruna-eXplorer\\server\\src\\dao\\positionDAO.mjs","statementMap":{"0":{"start":{"line":4,"column":29},"end":{"line":19,"column":1}},"1":{"start":{"line":5,"column":4},"end":{"line":18,"column":7}},"2":{"start":{"line":6,"column":8},"end":{"line":17,"column":11}},"3":{"start":{"line":7,"column":12},"end":{"line":16,"column":13}},"4":{"start":{"line":8,"column":16},"end":{"line":8,"column":28}},"5":{"start":{"line":10,"column":16},"end":{"line":15,"column":17}},"6":{"start":{"line":11,"column":38},"end":{"line":11,"column":118}},"7":{"start":{"line":11,"column":54},"end":{"line":11,"column":117}},"8":{"start":{"line":12,"column":20},"end":{"line":12,"column":39}},"9":{"start":{"line":14,"column":20},"end":{"line":14,"column":32}},"10":{"start":{"line":22,"column":27},"end":{"line":32,"column":1}},"11":{"start":{"line":23,"column":4},"end":{"line":31,"column":7}},"12":{"start":{"line":24,"column":8},"end":{"line":30,"column":11}},"13":{"start":{"line":25,"column":12},"end":{"line":29,"column":13}},"14":{"start":{"line":26,"column":16},"end":{"line":26,"column":28}},"15":{"start":{"line":28,"column":16},"end":{"line":28,"column":26}},"16":{"start":{"line":35,"column":30},"end":{"line":45,"column":1}},"17":{"start":{"line":36,"column":4},"end":{"line":44,"column":7}},"18":{"start":{"line":37,"column":8},"end":{"line":43,"column":11}},"19":{"start":{"line":38,"column":12},"end":{"line":42,"column":13}},"20":{"start":{"line":39,"column":16},"end":{"line":39,"column":28}},"21":{"start":{"line":41,"column":16},"end":{"line":41,"column":26}}},"fnMap":{"0":{"name":"(anonymous_0)","decl":{"start":{"line":4,"column":29},"end":{"line":4,"column":30}},"loc":{"start":{"line":4,"column":35},"end":{"line":19,"column":1}},"line":4},"1":{"name":"(anonymous_1)","decl":{"start":{"line":5,"column":23},"end":{"line":5,"column":24}},"loc":{"start":{"line":5,"column":44},"end":{"line":18,"column":5}},"line":5},"2":{"name":"(anonymous_2)","decl":{"start":{"line":6,"column":56},"end":{"line":6,"column":57}},"loc":{"start":{"line":6,"column":71},"end":{"line":17,"column":9}},"line":6},"3":{"name":"(anonymous_3)","decl":{"start":{"line":11,"column":47},"end":{"line":11,"column":48}},"loc":{"start":{"line":11,"column":54},"end":{"line":11,"column":117}},"line":11},"4":{"name":"(anonymous_4)","decl":{"start":{"line":22,"column":27},"end":{"line":22,"column":28}},"loc":{"start":{"line":22,"column":48},"end":{"line":32,"column":1}},"line":22},"5":{"name":"(anonymous_5)","decl":{"start":{"line":23,"column":23},"end":{"line":23,"column":24}},"loc":{"start":{"line":23,"column":44},"end":{"line":31,"column":5}},"line":23},"6":{"name":"(anonymous_6)","decl":{"start":{"line":24,"column":104},"end":{"line":24,"column":105}},"loc":{"start":{"line":24,"column":113},"end":{"line":30,"column":9}},"line":24},"7":{"name":"(anonymous_7)","decl":{"start":{"line":35,"column":30},"end":{"line":35,"column":31}},"loc":{"start":{"line":35,"column":51},"end":{"line":45,"column":1}},"line":35},"8":{"name":"(anonymous_8)","decl":{"start":{"line":36,"column":23},"end":{"line":36,"column":24}},"loc":{"start":{"line":36,"column":44},"end":{"line":44,"column":5}},"line":36},"9":{"name":"(anonymous_9)","decl":{"start":{"line":37,"column":101},"end":{"line":37,"column":102}},"loc":{"start":{"line":37,"column":110},"end":{"line":43,"column":9}},"line":37}},"branchMap":{"0":{"loc":{"start":{"line":7,"column":12},"end":{"line":16,"column":13}},"type":"if","locations":[{"start":{"line":7,"column":12},"end":{"line":16,"column":13}},{"start":{"line":9,"column":19},"end":{"line":16,"column":13}}],"line":7},"1":{"loc":{"start":{"line":10,"column":16},"end":{"line":15,"column":17}},"type":"if","locations":[{"start":{"line":10,"column":16},"end":{"line":15,"column":17}},{"start":{"line":13,"column":21},"end":{"line":15,"column":17}}],"line":10},"2":{"loc":{"start":{"line":25,"column":12},"end":{"line":29,"column":13}},"type":"if","locations":[{"start":{"line":25,"column":12},"end":{"line":29,"column":13}},{"start":{"line":27,"column":19},"end":{"line":29,"column":13}}],"line":25},"3":{"loc":{"start":{"line":38,"column":12},"end":{"line":42,"column":13}},"type":"if","locations":[{"start":{"line":38,"column":12},"end":{"line":42,"column":13}},{"start":{"line":40,"column":19},"end":{"line":42,"column":13}}],"line":38}},"s":{"0":1,"1":0,"2":0,"3":0,"4":0,"5":0,"6":0,"7":0,"8":0,"9":0,"10":1,"11":0,"12":0,"13":0,"14":0,"15":0,"16":1,"17":0,"18":0,"19":0,"20":0,"21":0},"f":{"0":0,"1":0,"2":0,"3":0,"4":0,"5":0,"6":0,"7":0,"8":0,"9":0},"b":{"0":[0,0],"1":[0,0],"2":[0,0],"3":[0,0]},"_coverageSchema":"1a1c01bbd47fc00a2c39e90264f33305004495a9","hash":"82e8daa80447b9d3cec1fcc708caefba9ad892d4"}
,"C:\\Users\\chry0\\Desktop\\Polito\\SecondoAnno\\SoftwareEngineering2\\MainProject\\KirunaExplorer2\\polito-se2-24-20-Kiruna-eXplorer\\server\\src\\dao\\userDAO.mjs": {"path":"C:\\Users\\chry0\\Desktop\\Polito\\SecondoAnno\\SoftwareEngineering2\\MainProject\\KirunaExplorer2\\polito-se2-24-20-Kiruna-eXplorer\\server\\src\\dao\\userDAO.mjs","statementMap":{"0":{"start":{"line":5,"column":23},"end":{"line":35,"column":1}},"1":{"start":{"line":6,"column":4},"end":{"line":34,"column":7}},"2":{"start":{"line":7,"column":27},"end":{"line":7,"column":66}},"3":{"start":{"line":8,"column":6},"end":{"line":33,"column":9}},"4":{"start":{"line":9,"column":8},"end":{"line":12,"column":9}},"5":{"start":{"line":10,"column":10},"end":{"line":10,"column":60}},"6":{"start":{"line":11,"column":10},"end":{"line":11,"column":22}},"7":{"start":{"line":14,"column":8},"end":{"line":32,"column":9}},"8":{"start":{"line":15,"column":10},"end":{"line":15,"column":25}},"9":{"start":{"line":17,"column":23},"end":{"line":17,"column":91}},"10":{"start":{"line":20,"column":39},"end":{"line":20,"column":72}},"11":{"start":{"line":22,"column":10},"end":{"line":31,"column":13}},"12":{"start":{"line":23,"column":12},"end":{"line":23,"column":33}},"13":{"start":{"line":23,"column":21},"end":{"line":23,"column":33}},"14":{"start":{"line":26,"column":12},"end":{"line":30,"column":13}},"15":{"start":{"line":27,"column":14},"end":{"line":27,"column":29}},"16":{"start":{"line":29,"column":14},"end":{"line":29,"column":28}},"17":{"start":{"line":37,"column":26},"end":{"line":54,"column":1}},"18":{"start":{"line":38,"column":4},"end":{"line":53,"column":7}},"19":{"start":{"line":39,"column":21},"end":{"line":39,"column":59}},"20":{"start":{"line":40,"column":8},"end":{"line":52,"column":11}},"21":{"start":{"line":41,"column":12},"end":{"line":41,"column":33}},"22":{"start":{"line":41,"column":21},"end":{"line":41,"column":33}},"23":{"start":{"line":43,"column":36},"end":{"line":43,"column":107}},"24":{"start":{"line":44,"column":12},"end":{"line":51,"column":15}},"25":{"start":{"line":45,"column":16},"end":{"line":50,"column":17}},"26":{"start":{"line":46,"column":20},"end":{"line":46,"column":32}},"27":{"start":{"line":48,"column":31},"end":{"line":48,"column":106}},"28":{"start":{"line":49,"column":18},"end":{"line":49,"column":32}}},"fnMap":{"0":{"name":"(anonymous_0)","decl":{"start":{"line":5,"column":23},"end":{"line":5,"column":24}},"loc":{"start":{"line":5,"column":47},"end":{"line":35,"column":1}},"line":5},"1":{"name":"(anonymous_1)","decl":{"start":{"line":6,"column":23},"end":{"line":6,"column":24}},"loc":{"start":{"line":6,"column":44},"end":{"line":34,"column":5}},"line":6},"2":{"name":"(anonymous_2)","decl":{"start":{"line":8,"column":39},"end":{"line":8,"column":40}},"loc":{"start":{"line":8,"column":53},"end":{"line":33,"column":7}},"line":8},"3":{"name":"(anonymous_3)","decl":{"start":{"line":22,"column":49},"end":{"line":22,"column":50}},"loc":{"start":{"line":22,"column":74},"end":{"line":31,"column":11}},"line":22},"4":{"name":"(anonymous_4)","decl":{"start":{"line":37,"column":26},"end":{"line":37,"column":27}},"loc":{"start":{"line":37,"column":56},"end":{"line":54,"column":1}},"line":37},"5":{"name":"(anonymous_5)","decl":{"start":{"line":38,"column":23},"end":{"line":38,"column":24}},"loc":{"start":{"line":38,"column":44},"end":{"line":53,"column":5}},"line":38},"6":{"name":"(anonymous_6)","decl":{"start":{"line":40,"column":42},"end":{"line":40,"column":43}},"loc":{"start":{"line":40,"column":67},"end":{"line":52,"column":9}},"line":40},"7":{"name":"(anonymous_7)","decl":{"start":{"line":44,"column":92},"end":{"line":44,"column":93}},"loc":{"start":{"line":44,"column":107},"end":{"line":51,"column":13}},"line":44}},"branchMap":{"0":{"loc":{"start":{"line":9,"column":8},"end":{"line":12,"column":9}},"type":"if","locations":[{"start":{"line":9,"column":8},"end":{"line":12,"column":9}},{"start":{},"end":{}}],"line":9},"1":{"loc":{"start":{"line":14,"column":8},"end":{"line":32,"column":9}},"type":"if","locations":[{"start":{"line":14,"column":8},"end":{"line":32,"column":9}},{"start":{"line":16,"column":15},"end":{"line":32,"column":9}}],"line":14},"2":{"loc":{"start":{"line":23,"column":12},"end":{"line":23,"column":33}},"type":"if","locations":[{"start":{"line":23,"column":12},"end":{"line":23,"column":33}},{"start":{},"end":{}}],"line":23},"3":{"loc":{"start":{"line":26,"column":12},"end":{"line":30,"column":13}},"type":"if","locations":[{"start":{"line":26,"column":12},"end":{"line":30,"column":13}},{"start":{"line":28,"column":19},"end":{"line":30,"column":13}}],"line":26},"4":{"loc":{"start":{"line":41,"column":12},"end":{"line":41,"column":33}},"type":"if","locations":[{"start":{"line":41,"column":12},"end":{"line":41,"column":33}},{"start":{},"end":{}}],"line":41},"5":{"loc":{"start":{"line":45,"column":16},"end":{"line":50,"column":17}},"type":"if","locations":[{"start":{"line":45,"column":16},"end":{"line":50,"column":17}},{"start":{"line":47,"column":23},"end":{"line":50,"column":17}}],"line":45}},"s":{"0":1,"1":0,"2":0,"3":0,"4":0,"5":0,"6":0,"7":0,"8":0,"9":0,"10":0,"11":0,"12":0,"13":0,"14":0,"15":0,"16":0,"17":1,"18":0,"19":0,"20":0,"21":0,"22":0,"23":0,"24":0,"25":0,"26":0,"27":0,"28":0},"f":{"0":0,"1":0,"2":0,"3":0,"4":0,"5":0,"6":0,"7":0},"b":{"0":[0,0],"1":[0,0],"2":[0,0],"3":[0,0],"4":[0,0],"5":[0,0]},"_coverageSchema":"1a1c01bbd47fc00a2c39e90264f33305004495a9","hash":"298ad33fd0f73f6949112841d79a271c25d247d8"}
,"C:\\Users\\chry0\\Desktop\\Polito\\SecondoAnno\\SoftwareEngineering2\\MainProject\\KirunaExplorer2\\polito-se2-24-20-Kiruna-eXplorer\\server\\src\\database\\db.mjs": {"path":"C:\\Users\\chry0\\Desktop\\Polito\\SecondoAnno\\SoftwareEngineering2\\MainProject\\KirunaExplorer2\\polito-se2-24-20-Kiruna-eXplorer\\server\\src\\database\\db.mjs","statementMap":{"0":{"start":{"line":5,"column":15},"end":{"line":5,"column":61}},"1":{"start":{"line":8,"column":18},"end":{"line":22,"column":2}},"2":{"start":{"line":9,"column":4},"end":{"line":21,"column":5}},"3":{"start":{"line":10,"column":8},"end":{"line":10,"column":66}},"4":{"start":{"line":11,"column":8},"end":{"line":11,"column":18}},"5":{"start":{"line":14,"column":8},"end":{"line":20,"column":11}},"6":{"start":{"line":15,"column":12},"end":{"line":18,"column":13}},"7":{"start":{"line":16,"column":16},"end":{"line":16,"column":94}},"8":{"start":{"line":17,"column":16},"end":{"line":17,"column":32}}},"fnMap":{"0":{"name":"(anonymous_0)","decl":{"start":{"line":8,"column":47},"end":{"line":8,"column":48}},"loc":{"start":{"line":8,"column":56},"end":{"line":22,"column":1}},"line":8},"1":{"name":"(anonymous_1)","decl":{"start":{"line":14,"column":44},"end":{"line":14,"column":45}},"loc":{"start":{"line":14,"column":59},"end":{"line":20,"column":9}},"line":14}},"branchMap":{"0":{"loc":{"start":{"line":9,"column":4},"end":{"line":21,"column":5}},"type":"if","locations":[{"start":{"line":9,"column":4},"end":{"line":21,"column":5}},{"start":{"line":12,"column":9},"end":{"line":21,"column":5}}],"line":9},"1":{"loc":{"start":{"line":15,"column":12},"end":{"line":18,"column":13}},"type":"if","locations":[{"start":{"line":15,"column":12},"end":{"line":18,"column":13}},{"start":{},"end":{}}],"line":15}},"s":{"0":4,"1":4,"2":4,"3":0,"4":0,"5":4,"6":4,"7":0,"8":0},"f":{"0":4,"1":4},"b":{"0":[0,4],"1":[0,4]},"_coverageSchema":"1a1c01bbd47fc00a2c39e90264f33305004495a9","hash":"731b4c27de73ca14b5afef563df7232a69f6606c"}
,"C:\\Users\\chry0\\Desktop\\Polito\\SecondoAnno\\SoftwareEngineering2\\MainProject\\KirunaExplorer2\\polito-se2-24-20-Kiruna-eXplorer\\server\\src\\models\\association.mjs": {"path":"C:\\Users\\chry0\\Desktop\\Polito\\SecondoAnno\\SoftwareEngineering2\\MainProject\\KirunaExplorer2\\polito-se2-24-20-Kiruna-eXplorer\\server\\src\\models\\association.mjs","statementMap":{"0":{"start":{"line":3,"column":8},"end":{"line":3,"column":23}},"1":{"start":{"line":4,"column":8},"end":{"line":4,"column":25}},"2":{"start":{"line":5,"column":8},"end":{"line":5,"column":25}},"3":{"start":{"line":6,"column":8},"end":{"line":6,"column":29}}},"fnMap":{"0":{"name":"(anonymous_0)","decl":{"start":{"line":2,"column":4},"end":{"line":2,"column":5}},"loc":{"start":{"line":2,"column":40},"end":{"line":7,"column":5}},"line":2}},"branchMap":{},"s":{"0":0,"1":0,"2":0,"3":0},"f":{"0":0},"b":{},"_coverageSchema":"1a1c01bbd47fc00a2c39e90264f33305004495a9","hash":"35362ed4e0e3c7bc7602370445022bca5b74de5c"}
,"C:\\Users\\chry0\\Desktop\\Polito\\SecondoAnno\\SoftwareEngineering2\\MainProject\\KirunaExplorer2\\polito-se2-24-20-Kiruna-eXplorer\\server\\src\\models\\document.mjs": {"path":"C:\\Users\\chry0\\Desktop\\Polito\\SecondoAnno\\SoftwareEngineering2\\MainProject\\KirunaExplorer2\\polito-se2-24-20-Kiruna-eXplorer\\server\\src\\models\\document.mjs","statementMap":{"0":{"start":{"line":3,"column":8},"end":{"line":3,"column":27}},"1":{"start":{"line":4,"column":8},"end":{"line":4,"column":27}},"2":{"start":{"line":5,"column":8},"end":{"line":5,"column":39}},"3":{"start":{"line":6,"column":8},"end":{"line":6,"column":43}},"4":{"start":{"line":7,"column":8},"end":{"line":7,"column":27}},"5":{"start":{"line":8,"column":8},"end":{"line":8,"column":41}},"6":{"start":{"line":9,"column":8},"end":{"line":9,"column":25}},"7":{"start":{"line":10,"column":8},"end":{"line":10,"column":39}},"8":{"start":{"line":11,"column":8},"end":{"line":11,"column":33}},"9":{"start":{"line":12,"column":8},"end":{"line":12,"column":27}}},"fnMap":{"0":{"name":"(anonymous_0)","decl":{"start":{"line":2,"column":4},"end":{"line":2,"column":5}},"loc":{"start":{"line":2,"column":114},"end":{"line":12,"column":28}},"line":2}},"branchMap":{},"s":{"0":0,"1":0,"2":0,"3":0,"4":0,"5":0,"6":0,"7":0,"8":0,"9":0},"f":{"0":0},"b":{},"_coverageSchema":"1a1c01bbd47fc00a2c39e90264f33305004495a9","hash":"499a872eff3cda71c5bed57ad60476a856a8f422"}
,"C:\\Users\\chry0\\Desktop\\Polito\\SecondoAnno\\SoftwareEngineering2\\MainProject\\KirunaExplorer2\\polito-se2-24-20-Kiruna-eXplorer\\server\\src\\models\\position.mjs": {"path":"C:\\Users\\chry0\\Desktop\\Polito\\SecondoAnno\\SoftwareEngineering2\\MainProject\\KirunaExplorer2\\polito-se2-24-20-Kiruna-eXplorer\\server\\src\\models\\position.mjs","statementMap":{"0":{"start":{"line":3,"column":8},"end":{"line":3,"column":27}},"1":{"start":{"line":4,"column":8},"end":{"line":4,"column":27}},"2":{"start":{"line":5,"column":8},"end":{"line":5,"column":33}},"3":{"start":{"line":6,"column":8},"end":{"line":6,"column":35}}},"fnMap":{"0":{"name":"(anonymous_0)","decl":{"start":{"line":2,"column":4},"end":{"line":2,"column":5}},"loc":{"start":{"line":2,"column":50},"end":{"line":7,"column":5}},"line":2}},"branchMap":{},"s":{"0":0,"1":0,"2":0,"3":0},"f":{"0":0},"b":{},"_coverageSchema":"1a1c01bbd47fc00a2c39e90264f33305004495a9","hash":"7d3ce2d2f9db4ff9d4f5412f80853d4f8972857f"}
,"C:\\Users\\chry0\\Desktop\\Polito\\SecondoAnno\\SoftwareEngineering2\\MainProject\\KirunaExplorer2\\polito-se2-24-20-Kiruna-eXplorer\\server\\src\\models\\user.mjs": {"path":"C:\\Users\\chry0\\Desktop\\Polito\\SecondoAnno\\SoftwareEngineering2\\MainProject\\KirunaExplorer2\\polito-se2-24-20-Kiruna-eXplorer\\server\\src\\models\\user.mjs","statementMap":{"0":{"start":{"line":3,"column":8},"end":{"line":3,"column":21}},"1":{"start":{"line":4,"column":8},"end":{"line":4,"column":33}},"2":{"start":{"line":5,"column":8},"end":{"line":5,"column":33}},"3":{"start":{"line":6,"column":8},"end":{"line":6,"column":25}},"4":{"start":{"line":7,"column":8},"end":{"line":7,"column":25}}},"fnMap":{"0":{"name":"(anonymous_0)","decl":{"start":{"line":2,"column":4},"end":{"line":2,"column":5}},"loc":{"start":{"line":2,"column":51},"end":{"line":8,"column":5}},"line":2}},"branchMap":{},"s":{"0":0,"1":0,"2":0,"3":0,"4":0},"f":{"0":0},"b":{},"_coverageSchema":"1a1c01bbd47fc00a2c39e90264f33305004495a9","hash":"0075f6babce3834fc0db0f7a00c542d86a8651a0"}
}
