{"C:\\Users\\matte\\Desktop\\universita\\materie\\magistrale\\1 anno\\software engeneering 2\\polito-se2-24-20-Kiruna-eXplorer\\server\\middleware.mjs": {"path":"C:\\Users\\matte\\Desktop\\universita\\materie\\magistrale\\1 anno\\software engeneering 2\\polito-se2-24-20-Kiruna-eXplorer\\server\\middleware.mjs","statementMap":{"0":{"start":{"line":3,"column":30},"end":{"line":8,"column":1}},"1":{"start":{"line":4,"column":4},"end":{"line":6,"column":5}},"2":{"start":{"line":5,"column":8},"end":{"line":5,"column":22}},"3":{"start":{"line":7,"column":4},"end":{"line":7,"column":61}},"4":{"start":{"line":10,"column":27},"end":{"line":23,"column":1}},"5":{"start":{"line":11,"column":4},"end":{"line":22,"column":5}},"6":{"start":{"line":12,"column":27},"end":{"line":12,"column":47}},"7":{"start":{"line":13,"column":8},"end":{"line":13,"column":48}},"8":{"start":{"line":14,"column":8},"end":{"line":14,"column":60}},"9":{"start":{"line":15,"column":8},"end":{"line":17,"column":9}},"10":{"start":{"line":16,"column":12},"end":{"line":16,"column":26}},"11":{"start":{"line":18,"column":8},"end":{"line":18,"column":66}},"12":{"start":{"line":20,"column":8},"end":{"line":20,"column":60}},"13":{"start":{"line":21,"column":8},"end":{"line":21,"column":72}}},"fnMap":{"0":{"name":"(anonymous_0)","decl":{"start":{"line":3,"column":30},"end":{"line":3,"column":31}},"loc":{"start":{"line":3,"column":50},"end":{"line":8,"column":1}},"line":3},"1":{"name":"(anonymous_1)","decl":{"start":{"line":10,"column":27},"end":{"line":10,"column":28}},"loc":{"start":{"line":10,"column":53},"end":{"line":23,"column":1}},"line":10}},"branchMap":{"0":{"loc":{"start":{"line":4,"column":4},"end":{"line":6,"column":5}},"type":"if","locations":[{"start":{"line":4,"column":4},"end":{"line":6,"column":5}},{"start":{},"end":{}}],"line":4},"1":{"loc":{"start":{"line":4,"column":8},"end":{"line":4,"column":65}},"type":"binary-expr","locations":[{"start":{"line":4,"column":8},"end":{"line":4,"column":29}},{"start":{"line":4,"column":33},"end":{"line":4,"column":65}}],"line":4},"2":{"loc":{"start":{"line":15,"column":8},"end":{"line":17,"column":9}},"type":"if","locations":[{"start":{"line":15,"column":8},"end":{"line":17,"column":9}},{"start":{},"end":{}}],"line":15}},"s":{"0":3,"1":0,"2":0,"3":0,"4":3,"5":0,"6":0,"7":0,"8":0,"9":0,"10":0,"11":0,"12":0,"13":0},"f":{"0":0,"1":0},"b":{"0":[0,0],"1":[0,0],"2":[0,0]},"_coverageSchema":"1a1c01bbd47fc00a2c39e90264f33305004495a9","hash":"607d2abafc549a728b8565773d7fd385d726a222"}
,"C:\\Users\\matte\\Desktop\\universita\\materie\\magistrale\\1 anno\\software engeneering 2\\polito-se2-24-20-Kiruna-eXplorer\\server\\server.mjs": {"path":"C:\\Users\\matte\\Desktop\\universita\\materie\\magistrale\\1 anno\\software engeneering 2\\polito-se2-24-20-Kiruna-eXplorer\\server\\server.mjs","statementMap":{"0":{"start":{"line":16,"column":12},"end":{"line":16,"column":21}},"1":{"start":{"line":17,"column":13},"end":{"line":17,"column":17}},"2":{"start":{"line":19,"column":0},"end":{"line":19,"column":24}},"3":{"start":{"line":20,"column":0},"end":{"line":20,"column":23}},"4":{"start":{"line":22,"column":20},"end":{"line":26,"column":1}},"5":{"start":{"line":27,"column":0},"end":{"line":27,"column":27}},"6":{"start":{"line":30,"column":0},"end":{"line":41,"column":4}},"7":{"start":{"line":31,"column":4},"end":{"line":40,"column":5}},"8":{"start":{"line":32,"column":21},"end":{"line":32,"column":54}},"9":{"start":{"line":33,"column":8},"end":{"line":35,"column":9}},"10":{"start":{"line":34,"column":12},"end":{"line":34,"column":83}},"11":{"start":{"line":36,"column":8},"end":{"line":36,"column":26}},"12":{"start":{"line":37,"column":8},"end":{"line":37,"column":30}},"13":{"start":{"line":39,"column":8},"end":{"line":39,"column":23}},"14":{"start":{"line":43,"column":0},"end":{"line":45,"column":3}},"15":{"start":{"line":44,"column":4},"end":{"line":44,"column":19}},"16":{"start":{"line":47,"column":0},"end":{"line":49,"column":3}},"17":{"start":{"line":48,"column":4},"end":{"line":48,"column":26}},"18":{"start":{"line":51,"column":0},"end":{"line":56,"column":4}},"19":{"start":{"line":58,"column":0},"end":{"line":58,"column":42}},"20":{"start":{"line":63,"column":0},"end":{"line":74,"column":3}},"21":{"start":{"line":64,"column":4},"end":{"line":73,"column":23}},"22":{"start":{"line":65,"column":8},"end":{"line":65,"column":34}},"23":{"start":{"line":65,"column":17},"end":{"line":65,"column":34}},"24":{"start":{"line":66,"column":8},"end":{"line":66,"column":72}},"25":{"start":{"line":66,"column":19},"end":{"line":66,"column":72}},"26":{"start":{"line":68,"column":8},"end":{"line":72,"column":11}},"27":{"start":{"line":69,"column":12},"end":{"line":69,"column":38}},"28":{"start":{"line":69,"column":21},"end":{"line":69,"column":38}},"29":{"start":{"line":71,"column":12},"end":{"line":71,"column":50}},"30":{"start":{"line":76,"column":0},"end":{"line":82,"column":3}},"31":{"start":{"line":77,"column":4},"end":{"line":81,"column":5}},"32":{"start":{"line":78,"column":8},"end":{"line":78,"column":39}},"33":{"start":{"line":80,"column":8},"end":{"line":80,"column":61}},"34":{"start":{"line":84,"column":0},"end":{"line":88,"column":3}},"35":{"start":{"line":85,"column":4},"end":{"line":87,"column":7}},"36":{"start":{"line":86,"column":8},"end":{"line":86,"column":18}},"37":{"start":{"line":91,"column":0},"end":{"line":99,"column":3}},"38":{"start":{"line":92,"column":4},"end":{"line":98,"column":5}},"39":{"start":{"line":93,"column":26},"end":{"line":93,"column":47}},"40":{"start":{"line":95,"column":8},"end":{"line":95,"column":40}},"41":{"start":{"line":97,"column":8},"end":{"line":97,"column":51}},"42":{"start":{"line":102,"column":0},"end":{"line":124,"column":3}},"43":{"start":{"line":114,"column":19},"end":{"line":114,"column":40}},"44":{"start":{"line":115,"column":4},"end":{"line":117,"column":5}},"45":{"start":{"line":116,"column":8},"end":{"line":116,"column":64}},"46":{"start":{"line":119,"column":4},"end":{"line":119,"column":88}},"47":{"start":{"line":121,"column":4},"end":{"line":121,"column":32}},"48":{"start":{"line":123,"column":4},"end":{"line":123,"column":26}},"49":{"start":{"line":131,"column":0},"end":{"line":139,"column":3}},"50":{"start":{"line":132,"column":4},"end":{"line":138,"column":5}},"51":{"start":{"line":133,"column":26},"end":{"line":133,"column":47}},"52":{"start":{"line":135,"column":8},"end":{"line":135,"column":40}},"53":{"start":{"line":137,"column":8},"end":{"line":137,"column":51}},"54":{"start":{"line":141,"column":0},"end":{"line":160,"column":3}},"55":{"start":{"line":146,"column":19},"end":{"line":146,"column":40}},"56":{"start":{"line":147,"column":4},"end":{"line":149,"column":5}},"57":{"start":{"line":148,"column":8},"end":{"line":148,"column":64}},"58":{"start":{"line":151,"column":4},"end":{"line":151,"column":79}},"59":{"start":{"line":154,"column":18},"end":{"line":154,"column":32}},"60":{"start":{"line":155,"column":16},"end":{"line":155,"column":28}},"61":{"start":{"line":156,"column":16},"end":{"line":156,"column":28}},"62":{"start":{"line":157,"column":4},"end":{"line":157,"column":39}},"63":{"start":{"line":159,"column":4},"end":{"line":159,"column":26}},"64":{"start":{"line":168,"column":0},"end":{"line":175,"column":3}},"65":{"start":{"line":169,"column":4},"end":{"line":174,"column":5}},"66":{"start":{"line":170,"column":22},"end":{"line":170,"column":42}},"67":{"start":{"line":171,"column":8},"end":{"line":171,"column":36}},"68":{"start":{"line":173,"column":8},"end":{"line":173,"column":51}},"69":{"start":{"line":177,"column":0},"end":{"line":184,"column":3}},"70":{"start":{"line":178,"column":4},"end":{"line":183,"column":5}},"71":{"start":{"line":179,"column":29},"end":{"line":179,"column":78}},"72":{"start":{"line":180,"column":8},"end":{"line":180,"column":43}},"73":{"start":{"line":182,"column":8},"end":{"line":182,"column":51}},"74":{"start":{"line":186,"column":0},"end":{"line":209,"column":3}},"75":{"start":{"line":191,"column":4},"end":{"line":191,"column":61}},"76":{"start":{"line":192,"column":19},"end":{"line":192,"column":40}},"77":{"start":{"line":193,"column":4},"end":{"line":195,"column":5}},"78":{"start":{"line":194,"column":6},"end":{"line":194,"column":62}},"79":{"start":{"line":197,"column":24},"end":{"line":201,"column":5}},"80":{"start":{"line":203,"column":4},"end":{"line":208,"column":5}},"81":{"start":{"line":204,"column":20},"end":{"line":204,"column":56}},"82":{"start":{"line":205,"column":8},"end":{"line":205,"column":44}},"83":{"start":{"line":207,"column":8},"end":{"line":207,"column":85}},"84":{"start":{"line":211,"column":0},"end":{"line":218,"column":3}},"85":{"start":{"line":212,"column":4},"end":{"line":217,"column":5}},"86":{"start":{"line":213,"column":8},"end":{"line":213,"column":58}},"87":{"start":{"line":214,"column":8},"end":{"line":214,"column":30}},"88":{"start":{"line":216,"column":8},"end":{"line":216,"column":51}},"89":{"start":{"line":220,"column":0},"end":{"line":242,"column":3}},"90":{"start":{"line":225,"column":19},"end":{"line":225,"column":40}},"91":{"start":{"line":226,"column":4},"end":{"line":228,"column":5}},"92":{"start":{"line":227,"column":8},"end":{"line":227,"column":64}},"93":{"start":{"line":229,"column":24},"end":{"line":234,"column":5}},"94":{"start":{"line":236,"column":4},"end":{"line":241,"column":5}},"95":{"start":{"line":237,"column":8},"end":{"line":237,"column":45}},"96":{"start":{"line":238,"column":8},"end":{"line":238,"column":30}},"97":{"start":{"line":240,"column":8},"end":{"line":240,"column":74}},"98":{"start":{"line":245,"column":0},"end":{"line":247,"column":1}},"99":{"start":{"line":246,"column":4},"end":{"line":246,"column":95}},"100":{"start":{"line":246,"column":29},"end":{"line":246,"column":91}}},"fnMap":{"0":{"name":"verify","decl":{"start":{"line":30,"column":46},"end":{"line":30,"column":52}},"loc":{"start":{"line":30,"column":77},"end":{"line":41,"column":1}},"line":30},"1":{"name":"(anonymous_1)","decl":{"start":{"line":43,"column":23},"end":{"line":43,"column":24}},"loc":{"start":{"line":43,"column":43},"end":{"line":45,"column":1}},"line":43},"2":{"name":"(anonymous_2)","decl":{"start":{"line":47,"column":25},"end":{"line":47,"column":26}},"loc":{"start":{"line":47,"column":45},"end":{"line":49,"column":1}},"line":47},"3":{"name":"(anonymous_3)","decl":{"start":{"line":63,"column":26},"end":{"line":63,"column":27}},"loc":{"start":{"line":63,"column":46},"end":{"line":74,"column":1}},"line":63},"4":{"name":"(anonymous_4)","decl":{"start":{"line":64,"column":35},"end":{"line":64,"column":36}},"loc":{"start":{"line":64,"column":56},"end":{"line":73,"column":5}},"line":64},"5":{"name":"(anonymous_5)","decl":{"start":{"line":68,"column":24},"end":{"line":68,"column":25}},"loc":{"start":{"line":68,"column":33},"end":{"line":72,"column":9}},"line":68},"6":{"name":"(anonymous_6)","decl":{"start":{"line":76,"column":33},"end":{"line":76,"column":34}},"loc":{"start":{"line":76,"column":47},"end":{"line":82,"column":1}},"line":76},"7":{"name":"(anonymous_7)","decl":{"start":{"line":84,"column":36},"end":{"line":84,"column":37}},"loc":{"start":{"line":84,"column":50},"end":{"line":88,"column":1}},"line":84},"8":{"name":"(anonymous_8)","decl":{"start":{"line":85,"column":15},"end":{"line":85,"column":16}},"loc":{"start":{"line":85,"column":21},"end":{"line":87,"column":5}},"line":85},"9":{"name":"(anonymous_9)","decl":{"start":{"line":91,"column":29},"end":{"line":91,"column":30}},"loc":{"start":{"line":91,"column":48},"end":{"line":99,"column":1}},"line":91},"10":{"name":"(anonymous_10)","decl":{"start":{"line":113,"column":3},"end":{"line":113,"column":4}},"loc":{"start":{"line":113,"column":23},"end":{"line":124,"column":1}},"line":113},"11":{"name":"(anonymous_11)","decl":{"start":{"line":131,"column":29},"end":{"line":131,"column":30}},"loc":{"start":{"line":131,"column":48},"end":{"line":139,"column":1}},"line":131},"12":{"name":"(anonymous_12)","decl":{"start":{"line":145,"column":3},"end":{"line":145,"column":4}},"loc":{"start":{"line":145,"column":23},"end":{"line":160,"column":1}},"line":145},"13":{"name":"(anonymous_13)","decl":{"start":{"line":168,"column":29},"end":{"line":168,"column":30}},"loc":{"start":{"line":168,"column":48},"end":{"line":175,"column":1}},"line":168},"14":{"name":"(anonymous_14)","decl":{"start":{"line":177,"column":39},"end":{"line":177,"column":40}},"loc":{"start":{"line":177,"column":58},"end":{"line":184,"column":1}},"line":177},"15":{"name":"(anonymous_15)","decl":{"start":{"line":190,"column":5},"end":{"line":190,"column":6}},"loc":{"start":{"line":190,"column":25},"end":{"line":209,"column":1}},"line":190},"16":{"name":"(anonymous_16)","decl":{"start":{"line":211,"column":54},"end":{"line":211,"column":55}},"loc":{"start":{"line":211,"column":72},"end":{"line":218,"column":1}},"line":211},"17":{"name":"(anonymous_17)","decl":{"start":{"line":224,"column":3},"end":{"line":224,"column":4}},"loc":{"start":{"line":224,"column":23},"end":{"line":242,"column":1}},"line":224},"18":{"name":"(anonymous_18)","decl":{"start":{"line":246,"column":21},"end":{"line":246,"column":22}},"loc":{"start":{"line":246,"column":27},"end":{"line":246,"column":93}},"line":246}},"branchMap":{"0":{"loc":{"start":{"line":33,"column":8},"end":{"line":35,"column":9}},"type":"if","locations":[{"start":{"line":33,"column":8},"end":{"line":35,"column":9}},{"start":{},"end":{}}],"line":33},"1":{"loc":{"start":{"line":65,"column":8},"end":{"line":65,"column":34}},"type":"if","locations":[{"start":{"line":65,"column":8},"end":{"line":65,"column":34}},{"start":{},"end":{}}],"line":65},"2":{"loc":{"start":{"line":66,"column":8},"end":{"line":66,"column":72}},"type":"if","locations":[{"start":{"line":66,"column":8},"end":{"line":66,"column":72}},{"start":{},"end":{}}],"line":66},"3":{"loc":{"start":{"line":69,"column":12},"end":{"line":69,"column":38}},"type":"if","locations":[{"start":{"line":69,"column":12},"end":{"line":69,"column":38}},{"start":{},"end":{}}],"line":69},"4":{"loc":{"start":{"line":77,"column":4},"end":{"line":81,"column":5}},"type":"if","locations":[{"start":{"line":77,"column":4},"end":{"line":81,"column":5}},{"start":{"line":79,"column":11},"end":{"line":81,"column":5}}],"line":77},"5":{"loc":{"start":{"line":115,"column":4},"end":{"line":117,"column":5}},"type":"if","locations":[{"start":{"line":115,"column":4},"end":{"line":117,"column":5}},{"start":{},"end":{}}],"line":115},"6":{"loc":{"start":{"line":147,"column":4},"end":{"line":149,"column":5}},"type":"if","locations":[{"start":{"line":147,"column":4},"end":{"line":149,"column":5}},{"start":{},"end":{}}],"line":147},"7":{"loc":{"start":{"line":193,"column":4},"end":{"line":195,"column":5}},"type":"if","locations":[{"start":{"line":193,"column":4},"end":{"line":195,"column":5}},{"start":{},"end":{}}],"line":193},"8":{"loc":{"start":{"line":226,"column":4},"end":{"line":228,"column":5}},"type":"if","locations":[{"start":{"line":226,"column":4},"end":{"line":228,"column":5}},{"start":{},"end":{}}],"line":226},"9":{"loc":{"start":{"line":245,"column":0},"end":{"line":247,"column":1}},"type":"if","locations":[{"start":{"line":245,"column":0},"end":{"line":247,"column":1}},{"start":{},"end":{}}],"line":245}},"s":{"0":3,"1":3,"2":3,"3":3,"4":3,"5":3,"6":3,"7":0,"8":0,"9":0,"10":0,"11":0,"12":0,"13":0,"14":3,"15":0,"16":3,"17":0,"18":3,"19":3,"20":3,"21":0,"22":0,"23":0,"24":0,"25":0,"26":0,"27":0,"28":0,"29":0,"30":3,"31":0,"32":0,"33":0,"34":3,"35":0,"36":0,"37":3,"38":2,"39":2,"40":2,"41":0,"42":3,"43":4,"44":4,"45":2,"46":2,"47":2,"48":2,"49":3,"50":4,"51":4,"52":2,"53":2,"54":3,"55":2,"56":2,"57":1,"58":1,"59":1,"60":1,"61":1,"62":1,"63":1,"64":3,"65":2,"66":2,"67":1,"68":1,"69":3,"70":2,"71":2,"72":1,"73":1,"74":3,"75":2,"76":2,"77":2,"78":0,"79":2,"80":2,"81":2,"82":1,"83":1,"84":3,"85":2,"86":2,"87":1,"88":1,"89":3,"90":2,"91":2,"92":0,"93":2,"94":2,"95":2,"96":1,"97":1,"98":3,"99":0,"100":0},"f":{"0":0,"1":0,"2":0,"3":0,"4":0,"5":0,"6":0,"7":0,"8":0,"9":2,"10":4,"11":4,"12":2,"13":2,"14":2,"15":2,"16":2,"17":2,"18":0},"b":{"0":[0,0],"1":[0,0],"2":[0,0],"3":[0,0],"4":[0,0],"5":[2,2],"6":[1,1],"7":[0,2],"8":[0,2],"9":[0,3]},"_coverageSchema":"1a1c01bbd47fc00a2c39e90264f33305004495a9","hash":"b299673eced44995c40bd3a838ee3c971cf3e781"}
,"C:\\Users\\matte\\Desktop\\universita\\materie\\magistrale\\1 anno\\software engeneering 2\\polito-se2-24-20-Kiruna-eXplorer\\server\\src\\dao\\associationDAO.mjs": {"path":"C:\\Users\\matte\\Desktop\\universita\\materie\\magistrale\\1 anno\\software engeneering 2\\polito-se2-24-20-Kiruna-eXplorer\\server\\src\\dao\\associationDAO.mjs","statementMap":{"0":{"start":{"line":6,"column":31},"end":{"line":18,"column":1}},"1":{"start":{"line":7,"column":4},"end":{"line":17,"column":7}},"2":{"start":{"line":8,"column":20},"end":{"line":8,"column":70}},"3":{"start":{"line":9,"column":8},"end":{"line":16,"column":10}},"4":{"start":{"line":10,"column":12},"end":{"line":15,"column":13}},"5":{"start":{"line":11,"column":16},"end":{"line":11,"column":28}},"6":{"start":{"line":13,"column":31},"end":{"line":13,"column":104}},"7":{"start":{"line":13,"column":47},"end":{"line":13,"column":103}},"8":{"start":{"line":14,"column":16},"end":{"line":14,"column":32}},"9":{"start":{"line":22,"column":33},"end":{"line":39,"column":1}},"10":{"start":{"line":23,"column":4},"end":{"line":38,"column":7}},"11":{"start":{"line":24,"column":8},"end":{"line":37,"column":9}},"12":{"start":{"line":25,"column":27},"end":{"line":25,"column":66}},"13":{"start":{"line":26,"column":12},"end":{"line":26,"column":78}},"14":{"start":{"line":27,"column":30},"end":{"line":27,"column":93}},"15":{"start":{"line":28,"column":12},"end":{"line":34,"column":15}},"16":{"start":{"line":29,"column":16},"end":{"line":33,"column":17}},"17":{"start":{"line":30,"column":20},"end":{"line":30,"column":32}},"18":{"start":{"line":32,"column":20},"end":{"line":32,"column":41}},"19":{"start":{"line":36,"column":12},"end":{"line":36,"column":24}},"20":{"start":{"line":43,"column":33},"end":{"line":54,"column":1}},"21":{"start":{"line":44,"column":4},"end":{"line":53,"column":7}},"22":{"start":{"line":45,"column":20},"end":{"line":45,"column":58}},"23":{"start":{"line":46,"column":8},"end":{"line":52,"column":10}},"24":{"start":{"line":47,"column":12},"end":{"line":51,"column":13}},"25":{"start":{"line":48,"column":16},"end":{"line":48,"column":28}},"26":{"start":{"line":50,"column":16},"end":{"line":50,"column":26}},"27":{"start":{"line":56,"column":33},"end":{"line":72,"column":1}},"28":{"start":{"line":57,"column":4},"end":{"line":71,"column":7}},"29":{"start":{"line":58,"column":8},"end":{"line":70,"column":9}},"30":{"start":{"line":59,"column":27},"end":{"line":59,"column":66}},"31":{"start":{"line":60,"column":30},"end":{"line":60,"column":91}},"32":{"start":{"line":61,"column":12},"end":{"line":67,"column":15}},"33":{"start":{"line":62,"column":16},"end":{"line":66,"column":17}},"34":{"start":{"line":63,"column":20},"end":{"line":63,"column":32}},"35":{"start":{"line":65,"column":20},"end":{"line":65,"column":30}},"36":{"start":{"line":69,"column":12},"end":{"line":69,"column":24}}},"fnMap":{"0":{"name":"(anonymous_0)","decl":{"start":{"line":6,"column":31},"end":{"line":6,"column":32}},"loc":{"start":{"line":6,"column":42},"end":{"line":18,"column":1}},"line":6},"1":{"name":"(anonymous_1)","decl":{"start":{"line":7,"column":23},"end":{"line":7,"column":24}},"loc":{"start":{"line":7,"column":44},"end":{"line":17,"column":5}},"line":7},"2":{"name":"(anonymous_2)","decl":{"start":{"line":9,"column":61},"end":{"line":9,"column":62}},"loc":{"start":{"line":9,"column":76},"end":{"line":16,"column":9}},"line":9},"3":{"name":"(anonymous_3)","decl":{"start":{"line":13,"column":40},"end":{"line":13,"column":41}},"loc":{"start":{"line":13,"column":47},"end":{"line":13,"column":103}},"line":13},"4":{"name":"(anonymous_4)","decl":{"start":{"line":22,"column":33},"end":{"line":22,"column":34}},"loc":{"start":{"line":22,"column":50},"end":{"line":39,"column":1}},"line":22},"5":{"name":"(anonymous_5)","decl":{"start":{"line":23,"column":23},"end":{"line":23,"column":24}},"loc":{"start":{"line":23,"column":50},"end":{"line":38,"column":5}},"line":23},"6":{"name":"(anonymous_6)","decl":{"start":{"line":28,"column":115},"end":{"line":28,"column":116}},"loc":{"start":{"line":28,"column":130},"end":{"line":34,"column":13}},"line":28},"7":{"name":"(anonymous_7)","decl":{"start":{"line":43,"column":33},"end":{"line":43,"column":34}},"loc":{"start":{"line":43,"column":42},"end":{"line":54,"column":1}},"line":43},"8":{"name":"(anonymous_8)","decl":{"start":{"line":44,"column":23},"end":{"line":44,"column":24}},"loc":{"start":{"line":44,"column":44},"end":{"line":53,"column":5}},"line":44},"9":{"name":"(anonymous_9)","decl":{"start":{"line":46,"column":40},"end":{"line":46,"column":41}},"loc":{"start":{"line":46,"column":55},"end":{"line":52,"column":9}},"line":46},"10":{"name":"(anonymous_10)","decl":{"start":{"line":56,"column":33},"end":{"line":56,"column":34}},"loc":{"start":{"line":56,"column":50},"end":{"line":72,"column":1}},"line":56},"11":{"name":"(anonymous_11)","decl":{"start":{"line":57,"column":23},"end":{"line":57,"column":24}},"loc":{"start":{"line":57,"column":50},"end":{"line":71,"column":5}},"line":57},"12":{"name":"(anonymous_12)","decl":{"start":{"line":61,"column":145},"end":{"line":61,"column":146}},"loc":{"start":{"line":61,"column":154},"end":{"line":67,"column":13}},"line":61}},"branchMap":{"0":{"loc":{"start":{"line":10,"column":12},"end":{"line":15,"column":13}},"type":"if","locations":[{"start":{"line":10,"column":12},"end":{"line":15,"column":13}},{"start":{"line":12,"column":19},"end":{"line":15,"column":13}}],"line":10},"1":{"loc":{"start":{"line":29,"column":16},"end":{"line":33,"column":17}},"type":"if","locations":[{"start":{"line":29,"column":16},"end":{"line":33,"column":17}},{"start":{"line":31,"column":23},"end":{"line":33,"column":17}}],"line":29},"2":{"loc":{"start":{"line":47,"column":12},"end":{"line":51,"column":13}},"type":"if","locations":[{"start":{"line":47,"column":12},"end":{"line":51,"column":13}},{"start":{"line":49,"column":19},"end":{"line":51,"column":13}}],"line":47},"3":{"loc":{"start":{"line":62,"column":16},"end":{"line":66,"column":17}},"type":"if","locations":[{"start":{"line":62,"column":16},"end":{"line":66,"column":17}},{"start":{"line":64,"column":23},"end":{"line":66,"column":17}}],"line":62}},"s":{"0":4,"1":2,"2":2,"3":2,"4":2,"5":1,"6":1,"7":2,"8":1,"9":4,"10":3,"11":3,"12":3,"13":2,"14":2,"15":2,"16":2,"17":1,"18":1,"19":1,"20":4,"21":2,"22":2,"23":2,"24":2,"25":1,"26":1,"27":4,"28":3,"29":3,"30":3,"31":2,"32":2,"33":2,"34":1,"35":1,"36":1},"f":{"0":2,"1":2,"2":2,"3":2,"4":3,"5":3,"6":2,"7":2,"8":2,"9":2,"10":3,"11":3,"12":2},"b":{"0":[1,1],"1":[1,1],"2":[1,1],"3":[1,1]},"_coverageSchema":"1a1c01bbd47fc00a2c39e90264f33305004495a9","hash":"66a8c81ad3040632a816f4affb1e3809ad6cb177"}
,"C:\\Users\\matte\\Desktop\\universita\\materie\\magistrale\\1 anno\\software engeneering 2\\polito-se2-24-20-Kiruna-eXplorer\\server\\src\\dao\\documentDAO.mjs": {"path":"C:\\Users\\matte\\Desktop\\universita\\materie\\magistrale\\1 anno\\software engeneering 2\\polito-se2-24-20-Kiruna-eXplorer\\server\\src\\dao\\documentDAO.mjs","statementMap":{"0":{"start":{"line":4,"column":29},"end":{"line":19,"column":1}},"1":{"start":{"line":5,"column":4},"end":{"line":18,"column":7}},"2":{"start":{"line":6,"column":8},"end":{"line":17,"column":11}},"3":{"start":{"line":7,"column":12},"end":{"line":16,"column":13}},"4":{"start":{"line":8,"column":16},"end":{"line":8,"column":28}},"5":{"start":{"line":10,"column":16},"end":{"line":15,"column":17}},"6":{"start":{"line":11,"column":38},"end":{"line":11,"column":206}},"7":{"start":{"line":11,"column":54},"end":{"line":11,"column":205}},"8":{"start":{"line":12,"column":20},"end":{"line":12,"column":39}},"9":{"start":{"line":14,"column":20},"end":{"line":14,"column":32}},"10":{"start":{"line":22,"column":27},"end":{"line":42,"column":1}},"11":{"start":{"line":23,"column":4},"end":{"line":41,"column":7}},"12":{"start":{"line":25,"column":8},"end":{"line":39,"column":11}},"13":{"start":{"line":26,"column":12},"end":{"line":38,"column":13}},"14":{"start":{"line":27,"column":16},"end":{"line":27,"column":28}},"15":{"start":{"line":28,"column":19},"end":{"line":38,"column":13}},"16":{"start":{"line":29,"column":16},"end":{"line":29,"column":61}},"17":{"start":{"line":31,"column":16},"end":{"line":37,"column":19}},"18":{"start":{"line":32,"column":20},"end":{"line":36,"column":21}},"19":{"start":{"line":33,"column":24},"end":{"line":33,"column":36}},"20":{"start":{"line":35,"column":24},"end":{"line":35,"column":34}}},"fnMap":{"0":{"name":"(anonymous_0)","decl":{"start":{"line":4,"column":29},"end":{"line":4,"column":30}},"loc":{"start":{"line":4,"column":35},"end":{"line":19,"column":1}},"line":4},"1":{"name":"(anonymous_1)","decl":{"start":{"line":5,"column":23},"end":{"line":5,"column":24}},"loc":{"start":{"line":5,"column":44},"end":{"line":18,"column":5}},"line":5},"2":{"name":"(anonymous_2)","decl":{"start":{"line":6,"column":41},"end":{"line":6,"column":42}},"loc":{"start":{"line":6,"column":56},"end":{"line":17,"column":9}},"line":6},"3":{"name":"(anonymous_3)","decl":{"start":{"line":11,"column":47},"end":{"line":11,"column":48}},"loc":{"start":{"line":11,"column":54},"end":{"line":11,"column":205}},"line":11},"4":{"name":"(anonymous_4)","decl":{"start":{"line":22,"column":27},"end":{"line":22,"column":28}},"loc":{"start":{"line":22,"column":41},"end":{"line":42,"column":1}},"line":22},"5":{"name":"(anonymous_5)","decl":{"start":{"line":23,"column":23},"end":{"line":23,"column":24}},"loc":{"start":{"line":23,"column":44},"end":{"line":41,"column":5}},"line":23},"6":{"name":"(anonymous_6)","decl":{"start":{"line":25,"column":72},"end":{"line":25,"column":73}},"loc":{"start":{"line":25,"column":86},"end":{"line":39,"column":9}},"line":25},"7":{"name":"(anonymous_7)","decl":{"start":{"line":31,"column":372},"end":{"line":31,"column":373}},"loc":{"start":{"line":31,"column":381},"end":{"line":37,"column":17}},"line":31}},"branchMap":{"0":{"loc":{"start":{"line":7,"column":12},"end":{"line":16,"column":13}},"type":"if","locations":[{"start":{"line":7,"column":12},"end":{"line":16,"column":13}},{"start":{"line":9,"column":19},"end":{"line":16,"column":13}}],"line":7},"1":{"loc":{"start":{"line":10,"column":16},"end":{"line":15,"column":17}},"type":"if","locations":[{"start":{"line":10,"column":16},"end":{"line":15,"column":17}},{"start":{"line":13,"column":21},"end":{"line":15,"column":17}}],"line":10},"2":{"loc":{"start":{"line":26,"column":12},"end":{"line":38,"column":13}},"type":"if","locations":[{"start":{"line":26,"column":12},"end":{"line":38,"column":13}},{"start":{"line":28,"column":19},"end":{"line":38,"column":13}}],"line":26},"3":{"loc":{"start":{"line":28,"column":19},"end":{"line":38,"column":13}},"type":"if","locations":[{"start":{"line":28,"column":19},"end":{"line":38,"column":13}},{"start":{"line":30,"column":19},"end":{"line":38,"column":13}}],"line":28},"4":{"loc":{"start":{"line":32,"column":20},"end":{"line":36,"column":21}},"type":"if","locations":[{"start":{"line":32,"column":20},"end":{"line":36,"column":21}},{"start":{"line":34,"column":27},"end":{"line":36,"column":21}}],"line":32}},"s":{"0":4,"1":3,"2":3,"3":3,"4":1,"5":2,"6":2,"7":2,"8":2,"9":0,"10":4,"11":4,"12":4,"13":4,"14":1,"15":3,"16":1,"17":2,"18":2,"19":1,"20":1},"f":{"0":3,"1":3,"2":3,"3":2,"4":4,"5":4,"6":4,"7":2},"b":{"0":[1,2],"1":[2,0],"2":[1,3],"3":[1,2],"4":[1,1]},"_coverageSchema":"1a1c01bbd47fc00a2c39e90264f33305004495a9","hash":"77ec5a270b917b6f57f967b70b1b3dc8e980427b"}
,"C:\\Users\\matte\\Desktop\\universita\\materie\\magistrale\\1 anno\\software engeneering 2\\polito-se2-24-20-Kiruna-eXplorer\\server\\src\\dao\\linkTypeDAO.mjs": {"path":"C:\\Users\\matte\\Desktop\\universita\\materie\\magistrale\\1 anno\\software engeneering 2\\polito-se2-24-20-Kiruna-eXplorer\\server\\src\\dao\\linkTypeDAO.mjs","statementMap":{"0":{"start":{"line":3,"column":27},"end":{"line":15,"column":1}},"1":{"start":{"line":4,"column":4},"end":{"line":14,"column":7}},"2":{"start":{"line":5,"column":20},"end":{"line":5,"column":44}},"3":{"start":{"line":6,"column":8},"end":{"line":13,"column":10}},"4":{"start":{"line":7,"column":12},"end":{"line":12,"column":13}},"5":{"start":{"line":8,"column":16},"end":{"line":8,"column":28}},"6":{"start":{"line":10,"column":30},"end":{"line":10,"column":53}},"7":{"start":{"line":10,"column":44},"end":{"line":10,"column":52}},"8":{"start":{"line":11,"column":16},"end":{"line":11,"column":31}},"9":{"start":{"line":17,"column":31},"end":{"line":29,"column":1}},"10":{"start":{"line":18,"column":4},"end":{"line":28,"column":7}},"11":{"start":{"line":19,"column":8},"end":{"line":27,"column":11}},"12":{"start":{"line":20,"column":12},"end":{"line":26,"column":13}},"13":{"start":{"line":21,"column":16},"end":{"line":21,"column":28}},"14":{"start":{"line":22,"column":19},"end":{"line":26,"column":13}},"15":{"start":{"line":23,"column":16},"end":{"line":23,"column":52}},"16":{"start":{"line":25,"column":16},"end":{"line":25,"column":36}}},"fnMap":{"0":{"name":"(anonymous_0)","decl":{"start":{"line":3,"column":27},"end":{"line":3,"column":28}},"loc":{"start":{"line":3,"column":33},"end":{"line":15,"column":1}},"line":3},"1":{"name":"(anonymous_1)","decl":{"start":{"line":4,"column":23},"end":{"line":4,"column":24}},"loc":{"start":{"line":4,"column":44},"end":{"line":14,"column":5}},"line":4},"2":{"name":"(anonymous_2)","decl":{"start":{"line":6,"column":24},"end":{"line":6,"column":25}},"loc":{"start":{"line":6,"column":39},"end":{"line":13,"column":9}},"line":6},"3":{"name":"(anonymous_3)","decl":{"start":{"line":10,"column":39},"end":{"line":10,"column":40}},"loc":{"start":{"line":10,"column":44},"end":{"line":10,"column":52}},"line":10},"4":{"name":"(anonymous_4)","decl":{"start":{"line":17,"column":31},"end":{"line":17,"column":32}},"loc":{"start":{"line":17,"column":41},"end":{"line":29,"column":1}},"line":17},"5":{"name":"(anonymous_5)","decl":{"start":{"line":18,"column":23},"end":{"line":18,"column":24}},"loc":{"start":{"line":18,"column":44},"end":{"line":28,"column":5}},"line":18},"6":{"name":"(anonymous_6)","decl":{"start":{"line":19,"column":69},"end":{"line":19,"column":70}},"loc":{"start":{"line":19,"column":83},"end":{"line":27,"column":9}},"line":19}},"branchMap":{"0":{"loc":{"start":{"line":7,"column":12},"end":{"line":12,"column":13}},"type":"if","locations":[{"start":{"line":7,"column":12},"end":{"line":12,"column":13}},{"start":{"line":9,"column":19},"end":{"line":12,"column":13}}],"line":7},"1":{"loc":{"start":{"line":20,"column":12},"end":{"line":26,"column":13}},"type":"if","locations":[{"start":{"line":20,"column":12},"end":{"line":26,"column":13}},{"start":{"line":22,"column":19},"end":{"line":26,"column":13}}],"line":20},"2":{"loc":{"start":{"line":22,"column":19},"end":{"line":26,"column":13}},"type":"if","locations":[{"start":{"line":22,"column":19},"end":{"line":26,"column":13}},{"start":{"line":24,"column":19},"end":{"line":26,"column":13}}],"line":22}},"s":{"0":5,"1":2,"2":2,"3":2,"4":2,"5":1,"6":1,"7":4,"8":1,"9":5,"10":3,"11":3,"12":3,"13":1,"14":2,"15":1,"16":1},"f":{"0":2,"1":2,"2":2,"3":4,"4":3,"5":3,"6":3},"b":{"0":[1,1],"1":[1,2],"2":[1,1]},"_coverageSchema":"1a1c01bbd47fc00a2c39e90264f33305004495a9","hash":"bd204ef9be0b929de080afa64d10abf2027bbb5a"}
,"C:\\Users\\matte\\Desktop\\universita\\materie\\magistrale\\1 anno\\software engeneering 2\\polito-se2-24-20-Kiruna-eXplorer\\server\\src\\dao\\positionDAO.mjs": {"path":"C:\\Users\\matte\\Desktop\\universita\\materie\\magistrale\\1 anno\\software engeneering 2\\polito-se2-24-20-Kiruna-eXplorer\\server\\src\\dao\\positionDAO.mjs","statementMap":{"0":{"start":{"line":4,"column":29},"end":{"line":19,"column":1}},"1":{"start":{"line":5,"column":4},"end":{"line":18,"column":7}},"2":{"start":{"line":6,"column":8},"end":{"line":17,"column":11}},"3":{"start":{"line":7,"column":12},"end":{"line":16,"column":13}},"4":{"start":{"line":8,"column":16},"end":{"line":8,"column":28}},"5":{"start":{"line":10,"column":16},"end":{"line":15,"column":17}},"6":{"start":{"line":11,"column":38},"end":{"line":11,"column":118}},"7":{"start":{"line":11,"column":54},"end":{"line":11,"column":117}},"8":{"start":{"line":12,"column":20},"end":{"line":12,"column":39}},"9":{"start":{"line":14,"column":20},"end":{"line":14,"column":32}},"10":{"start":{"line":22,"column":27},"end":{"line":32,"column":1}},"11":{"start":{"line":23,"column":4},"end":{"line":31,"column":7}},"12":{"start":{"line":24,"column":8},"end":{"line":30,"column":11}},"13":{"start":{"line":25,"column":12},"end":{"line":29,"column":13}},"14":{"start":{"line":26,"column":16},"end":{"line":26,"column":28}},"15":{"start":{"line":28,"column":16},"end":{"line":28,"column":26}}},"fnMap":{"0":{"name":"(anonymous_0)","decl":{"start":{"line":4,"column":29},"end":{"line":4,"column":30}},"loc":{"start":{"line":4,"column":35},"end":{"line":19,"column":1}},"line":4},"1":{"name":"(anonymous_1)","decl":{"start":{"line":5,"column":23},"end":{"line":5,"column":24}},"loc":{"start":{"line":5,"column":44},"end":{"line":18,"column":5}},"line":5},"2":{"name":"(anonymous_2)","decl":{"start":{"line":6,"column":56},"end":{"line":6,"column":57}},"loc":{"start":{"line":6,"column":71},"end":{"line":17,"column":9}},"line":6},"3":{"name":"(anonymous_3)","decl":{"start":{"line":11,"column":47},"end":{"line":11,"column":48}},"loc":{"start":{"line":11,"column":54},"end":{"line":11,"column":117}},"line":11},"4":{"name":"(anonymous_4)","decl":{"start":{"line":22,"column":27},"end":{"line":22,"column":28}},"loc":{"start":{"line":22,"column":48},"end":{"line":32,"column":1}},"line":22},"5":{"name":"(anonymous_5)","decl":{"start":{"line":23,"column":23},"end":{"line":23,"column":24}},"loc":{"start":{"line":23,"column":44},"end":{"line":31,"column":5}},"line":23},"6":{"name":"(anonymous_6)","decl":{"start":{"line":24,"column":104},"end":{"line":24,"column":105}},"loc":{"start":{"line":24,"column":113},"end":{"line":30,"column":9}},"line":24}},"branchMap":{"0":{"loc":{"start":{"line":7,"column":12},"end":{"line":16,"column":13}},"type":"if","locations":[{"start":{"line":7,"column":12},"end":{"line":16,"column":13}},{"start":{"line":9,"column":19},"end":{"line":16,"column":13}}],"line":7},"1":{"loc":{"start":{"line":10,"column":16},"end":{"line":15,"column":17}},"type":"if","locations":[{"start":{"line":10,"column":16},"end":{"line":15,"column":17}},{"start":{"line":13,"column":21},"end":{"line":15,"column":17}}],"line":10},"2":{"loc":{"start":{"line":25,"column":12},"end":{"line":29,"column":13}},"type":"if","locations":[{"start":{"line":25,"column":12},"end":{"line":29,"column":13}},{"start":{"line":27,"column":19},"end":{"line":29,"column":13}}],"line":25}},"s":{"0":4,"1":3,"2":3,"3":3,"4":1,"5":2,"6":2,"7":2,"8":2,"9":0,"10":4,"11":2,"12":2,"13":2,"14":1,"15":1},"f":{"0":3,"1":3,"2":3,"3":2,"4":2,"5":2,"6":2},"b":{"0":[1,2],"1":[2,0],"2":[1,1]},"_coverageSchema":"1a1c01bbd47fc00a2c39e90264f33305004495a9","hash":"92512959904fb2d0afe8b9c51e2256274ae17f85"}
,"C:\\Users\\matte\\Desktop\\universita\\materie\\magistrale\\1 anno\\software engeneering 2\\polito-se2-24-20-Kiruna-eXplorer\\server\\src\\dao\\userDAO.mjs": {"path":"C:\\Users\\matte\\Desktop\\universita\\materie\\magistrale\\1 anno\\software engeneering 2\\polito-se2-24-20-Kiruna-eXplorer\\server\\src\\dao\\userDAO.mjs","statementMap":{"0":{"start":{"line":4,"column":23},"end":{"line":22,"column":1}},"1":{"start":{"line":5,"column":2},"end":{"line":21,"column":5}},"2":{"start":{"line":6,"column":27},"end":{"line":6,"column":97}},"3":{"start":{"line":7,"column":6},"end":{"line":20,"column":9}},"4":{"start":{"line":8,"column":10},"end":{"line":12,"column":11}},"5":{"start":{"line":9,"column":14},"end":{"line":9,"column":64}},"6":{"start":{"line":10,"column":14},"end":{"line":10,"column":26}},"7":{"start":{"line":11,"column":14},"end":{"line":11,"column":21}},"8":{"start":{"line":14,"column":10},"end":{"line":19,"column":11}},"9":{"start":{"line":15,"column":14},"end":{"line":15,"column":29}},"10":{"start":{"line":17,"column":27},"end":{"line":17,"column":85}},"11":{"start":{"line":18,"column":14},"end":{"line":18,"column":74}}},"fnMap":{"0":{"name":"(anonymous_0)","decl":{"start":{"line":4,"column":23},"end":{"line":4,"column":24}},"loc":{"start":{"line":4,"column":47},"end":{"line":22,"column":1}},"line":4},"1":{"name":"(anonymous_1)","decl":{"start":{"line":5,"column":21},"end":{"line":5,"column":22}},"loc":{"start":{"line":5,"column":42},"end":{"line":21,"column":3}},"line":5},"2":{"name":"(anonymous_2)","decl":{"start":{"line":7,"column":39},"end":{"line":7,"column":40}},"loc":{"start":{"line":7,"column":53},"end":{"line":20,"column":7}},"line":7}},"branchMap":{"0":{"loc":{"start":{"line":8,"column":10},"end":{"line":12,"column":11}},"type":"if","locations":[{"start":{"line":8,"column":10},"end":{"line":12,"column":11}},{"start":{},"end":{}}],"line":8},"1":{"loc":{"start":{"line":14,"column":10},"end":{"line":19,"column":11}},"type":"if","locations":[{"start":{"line":14,"column":10},"end":{"line":19,"column":11}},{"start":{"line":16,"column":17},"end":{"line":19,"column":11}}],"line":14},"2":{"loc":{"start":{"line":18,"column":14},"end":{"line":18,"column":73}},"type":"cond-expr","locations":[{"start":{"line":18,"column":43},"end":{"line":18,"column":56}},{"start":{"line":18,"column":59},"end":{"line":18,"column":73}}],"line":18}},"s":{"0":4,"1":4,"2":4,"3":4,"4":4,"5":1,"6":1,"7":1,"8":3,"9":1,"10":2,"11":2},"f":{"0":4,"1":4,"2":4},"b":{"0":[1,3],"1":[1,2],"2":[1,1]},"_coverageSchema":"1a1c01bbd47fc00a2c39e90264f33305004495a9","hash":"e7c93f49a66c699e536c0d226eaf0eac7238a322"}
,"C:\\Users\\matte\\Desktop\\universita\\materie\\magistrale\\1 anno\\software engeneering 2\\polito-se2-24-20-Kiruna-eXplorer\\server\\src\\database\\db.mjs": {"path":"C:\\Users\\matte\\Desktop\\universita\\materie\\magistrale\\1 anno\\software engeneering 2\\polito-se2-24-20-Kiruna-eXplorer\\server\\src\\database\\db.mjs","statementMap":{"0":{"start":{"line":5,"column":15},"end":{"line":5,"column":61}},"1":{"start":{"line":8,"column":18},"end":{"line":22,"column":2}},"2":{"start":{"line":9,"column":4},"end":{"line":21,"column":5}},"3":{"start":{"line":10,"column":8},"end":{"line":10,"column":66}},"4":{"start":{"line":11,"column":8},"end":{"line":11,"column":18}},"5":{"start":{"line":14,"column":8},"end":{"line":20,"column":11}},"6":{"start":{"line":15,"column":12},"end":{"line":18,"column":13}},"7":{"start":{"line":16,"column":16},"end":{"line":16,"column":94}},"8":{"start":{"line":17,"column":16},"end":{"line":17,"column":32}}},"fnMap":{"0":{"name":"(anonymous_0)","decl":{"start":{"line":8,"column":47},"end":{"line":8,"column":48}},"loc":{"start":{"line":8,"column":56},"end":{"line":22,"column":1}},"line":8},"1":{"name":"(anonymous_1)","decl":{"start":{"line":14,"column":44},"end":{"line":14,"column":45}},"loc":{"start":{"line":14,"column":59},"end":{"line":20,"column":9}},"line":14}},"branchMap":{"0":{"loc":{"start":{"line":9,"column":4},"end":{"line":21,"column":5}},"type":"if","locations":[{"start":{"line":9,"column":4},"end":{"line":21,"column":5}},{"start":{"line":12,"column":9},"end":{"line":21,"column":5}}],"line":9},"1":{"loc":{"start":{"line":15,"column":12},"end":{"line":18,"column":13}},"type":"if","locations":[{"start":{"line":15,"column":12},"end":{"line":18,"column":13}},{"start":{},"end":{}}],"line":15}},"s":{"0":17,"1":17,"2":12,"3":0,"4":0,"5":12,"6":12,"7":0,"8":0},"f":{"0":12,"1":12},"b":{"0":[0,12],"1":[0,12]},"_coverageSchema":"1a1c01bbd47fc00a2c39e90264f33305004495a9","hash":"b0741e608cfd8be7f25a6be044ab16e437758053"}
,"C:\\Users\\matte\\Desktop\\universita\\materie\\magistrale\\1 anno\\software engeneering 2\\polito-se2-24-20-Kiruna-eXplorer\\server\\src\\models\\association.mjs": {"path":"C:\\Users\\matte\\Desktop\\universita\\materie\\magistrale\\1 anno\\software engeneering 2\\polito-se2-24-20-Kiruna-eXplorer\\server\\src\\models\\association.mjs","statementMap":{"0":{"start":{"line":3,"column":8},"end":{"line":3,"column":23}},"1":{"start":{"line":4,"column":8},"end":{"line":4,"column":25}},"2":{"start":{"line":5,"column":8},"end":{"line":5,"column":25}},"3":{"start":{"line":6,"column":8},"end":{"line":6,"column":29}}},"fnMap":{"0":{"name":"(anonymous_0)","decl":{"start":{"line":2,"column":4},"end":{"line":2,"column":5}},"loc":{"start":{"line":2,"column":40},"end":{"line":7,"column":5}},"line":2}},"branchMap":{},"s":{"0":4,"1":4,"2":4,"3":4},"f":{"0":4},"b":{},"_coverageSchema":"1a1c01bbd47fc00a2c39e90264f33305004495a9","hash":"af5651e0ae2f4a2e0a82abd5d576c0f7e7f28029"}
,"C:\\Users\\matte\\Desktop\\universita\\materie\\magistrale\\1 anno\\software engeneering 2\\polito-se2-24-20-Kiruna-eXplorer\\server\\src\\models\\document.mjs": {"path":"C:\\Users\\matte\\Desktop\\universita\\materie\\magistrale\\1 anno\\software engeneering 2\\polito-se2-24-20-Kiruna-eXplorer\\server\\src\\models\\document.mjs","statementMap":{"0":{"start":{"line":3,"column":8},"end":{"line":3,"column":27}},"1":{"start":{"line":4,"column":8},"end":{"line":4,"column":27}},"2":{"start":{"line":5,"column":8},"end":{"line":5,"column":39}},"3":{"start":{"line":6,"column":8},"end":{"line":6,"column":43}},"4":{"start":{"line":7,"column":8},"end":{"line":7,"column":27}},"5":{"start":{"line":8,"column":8},"end":{"line":8,"column":41}},"6":{"start":{"line":9,"column":8},"end":{"line":9,"column":25}},"7":{"start":{"line":10,"column":8},"end":{"line":10,"column":39}},"8":{"start":{"line":11,"column":8},"end":{"line":11,"column":33}},"9":{"start":{"line":12,"column":8},"end":{"line":12,"column":27}}},"fnMap":{"0":{"name":"(anonymous_0)","decl":{"start":{"line":2,"column":4},"end":{"line":2,"column":5}},"loc":{"start":{"line":2,"column":114},"end":{"line":12,"column":28}},"line":2}},"branchMap":{},"s":{"0":2,"1":2,"2":2,"3":2,"4":2,"5":2,"6":2,"7":2,"8":2,"9":2},"f":{"0":2},"b":{},"_coverageSchema":"1a1c01bbd47fc00a2c39e90264f33305004495a9","hash":"e653ce05863d6a6776e6338426eb2ba576c40d14"}
,"C:\\Users\\matte\\Desktop\\universita\\materie\\magistrale\\1 anno\\software engeneering 2\\polito-se2-24-20-Kiruna-eXplorer\\server\\src\\models\\position.mjs": {"path":"C:\\Users\\matte\\Desktop\\universita\\materie\\magistrale\\1 anno\\software engeneering 2\\polito-se2-24-20-Kiruna-eXplorer\\server\\src\\models\\position.mjs","statementMap":{"0":{"start":{"line":3,"column":8},"end":{"line":3,"column":27}},"1":{"start":{"line":4,"column":8},"end":{"line":4,"column":27}},"2":{"start":{"line":5,"column":8},"end":{"line":5,"column":33}},"3":{"start":{"line":6,"column":8},"end":{"line":6,"column":35}}},"fnMap":{"0":{"name":"(anonymous_0)","decl":{"start":{"line":2,"column":4},"end":{"line":2,"column":5}},"loc":{"start":{"line":2,"column":50},"end":{"line":7,"column":5}},"line":2}},"branchMap":{},"s":{"0":2,"1":2,"2":2,"3":2},"f":{"0":2},"b":{},"_coverageSchema":"1a1c01bbd47fc00a2c39e90264f33305004495a9","hash":"c98059ebb7659d845683d75cd07e661b75ce9617"}
,"C:\\Users\\matte\\Desktop\\universita\\materie\\magistrale\\1 anno\\software engeneering 2\\polito-se2-24-20-Kiruna-eXplorer\\server\\src\\models\\user.mjs": {"path":"C:\\Users\\matte\\Desktop\\universita\\materie\\magistrale\\1 anno\\software engeneering 2\\polito-se2-24-20-Kiruna-eXplorer\\server\\src\\models\\user.mjs","statementMap":{"0":{"start":{"line":3,"column":8},"end":{"line":3,"column":21}},"1":{"start":{"line":4,"column":8},"end":{"line":4,"column":33}},"2":{"start":{"line":5,"column":8},"end":{"line":5,"column":33}},"3":{"start":{"line":6,"column":8},"end":{"line":6,"column":25}}},"fnMap":{"0":{"name":"(anonymous_0)","decl":{"start":{"line":2,"column":4},"end":{"line":2,"column":5}},"loc":{"start":{"line":2,"column":45},"end":{"line":7,"column":5}},"line":2}},"branchMap":{},"s":{"0":2,"1":2,"2":2,"3":2},"f":{"0":2},"b":{},"_coverageSchema":"1a1c01bbd47fc00a2c39e90264f33305004495a9","hash":"86f158a5d2357fbc52670806d9396791ddca3085"}
}
