TN:
SF:middleware.mjs
FN:3,(anonymous_0)
FN:10,(anonymous_1)
FNF:2
FNH:0
FNDA:0,(anonymous_0)
FNDA:0,(anonymous_1)
DA:3,3
DA:4,0
DA:5,0
DA:7,0
DA:10,3
DA:11,0
DA:12,0
DA:13,0
DA:14,0
DA:15,0
DA:16,0
DA:18,0
DA:20,0
DA:21,0
LF:14
LH:2
BRDA:4,0,0,0
BRDA:4,0,1,0
BRDA:4,1,0,0
BRDA:4,1,1,0
BRDA:15,2,0,0
BRDA:15,2,1,0
BRF:6
BRH:0
end_of_record
TN:
SF:server.mjs
FN:30,verify
FN:43,(anonymous_1)
FN:47,(anonymous_2)
FN:63,(anonymous_3)
FN:64,(anonymous_4)
FN:68,(anonymous_5)
FN:76,(anonymous_6)
FN:84,(anonymous_7)
FN:85,(anonymous_8)
FN:91,(anonymous_9)
FN:113,(anonymous_10)
FN:131,(anonymous_11)
FN:145,(anonymous_12)
FN:168,(anonymous_13)
FN:177,(anonymous_14)
FN:190,(anonymous_15)
FN:211,(anonymous_16)
FN:224,(anonymous_17)
FN:246,(anonymous_18)
FNF:19
FNH:9
FNDA:0,verify
FNDA:0,(anonymous_1)
FNDA:0,(anonymous_2)
FNDA:0,(anonymous_3)
FNDA:0,(anonymous_4)
FNDA:0,(anonymous_5)
FNDA:0,(anonymous_6)
FNDA:0,(anonymous_7)
FNDA:0,(anonymous_8)
FNDA:2,(anonymous_9)
FNDA:4,(anonymous_10)
FNDA:4,(anonymous_11)
FNDA:2,(anonymous_12)
FNDA:2,(anonymous_13)
FNDA:2,(anonymous_14)
FNDA:2,(anonymous_15)
FNDA:2,(anonymous_16)
FNDA:2,(anonymous_17)
FNDA:0,(anonymous_18)
DA:16,3
DA:17,3
DA:19,3
DA:20,3
DA:22,3
DA:27,3
DA:30,3
DA:31,0
DA:32,0
DA:33,0
DA:34,0
DA:36,0
DA:37,0
DA:39,0
DA:43,3
DA:44,0
DA:47,3
DA:48,0
DA:51,3
DA:58,3
DA:63,3
DA:64,0
DA:65,0
DA:66,0
DA:68,0
DA:69,0
DA:71,0
DA:76,3
DA:77,0
DA:78,0
DA:80,0
DA:84,3
DA:85,0
DA:86,0
DA:91,3
DA:92,2
DA:93,2
DA:95,2
DA:97,0
DA:102,3
DA:114,4
DA:115,4
DA:116,2
DA:119,2
DA:121,2
DA:123,2
DA:131,3
DA:132,4
DA:133,4
DA:135,2
DA:137,2
DA:141,3
DA:146,2
DA:147,2
DA:148,1
DA:151,1
DA:154,1
DA:155,1
DA:156,1
DA:157,1
DA:159,1
DA:168,3
DA:169,2
DA:170,2
DA:171,1
DA:173,1
DA:177,3
DA:178,2
DA:179,2
DA:180,1
DA:182,1
DA:186,3
DA:191,2
DA:192,2
DA:193,2
DA:194,0
DA:197,2
DA:203,2
DA:204,2
DA:205,1
DA:207,1
DA:211,3
DA:212,2
DA:213,2
DA:214,1
DA:216,1
DA:220,3
DA:225,2
DA:226,2
DA:227,0
DA:229,2
DA:236,2
DA:237,2
DA:238,1
DA:240,1
DA:245,3
DA:246,0
LF:97
LH:73
BRDA:33,0,0,0
BRDA:33,0,1,0
BRDA:65,1,0,0
BRDA:65,1,1,0
BRDA:66,2,0,0
BRDA:66,2,1,0
BRDA:69,3,0,0
BRDA:69,3,1,0
BRDA:77,4,0,0
BRDA:77,4,1,0
BRDA:115,5,0,2
BRDA:115,5,1,2
BRDA:147,6,0,1
BRDA:147,6,1,1
BRDA:193,7,0,0
BRDA:193,7,1,2
BRDA:226,8,0,0
BRDA:226,8,1,2
BRDA:245,9,0,0
BRDA:245,9,1,3
BRF:20
BRH:7
end_of_record
TN:
SF:src\dao\associationDAO.mjs
FN:6,(anonymous_0)
FN:7,(anonymous_1)
FN:9,(anonymous_2)
FN:13,(anonymous_3)
FN:22,(anonymous_4)
FN:23,(anonymous_5)
FN:28,(anonymous_6)
FN:43,(anonymous_7)
FN:44,(anonymous_8)
FN:46,(anonymous_9)
FN:56,(anonymous_10)
FN:57,(anonymous_11)
FN:61,(anonymous_12)
FNF:13
FNH:13
FNDA:2,(anonymous_0)
FNDA:2,(anonymous_1)
FNDA:2,(anonymous_2)
FNDA:2,(anonymous_3)
FNDA:3,(anonymous_4)
FNDA:3,(anonymous_5)
FNDA:2,(anonymous_6)
FNDA:2,(anonymous_7)
FNDA:2,(anonymous_8)
FNDA:2,(anonymous_9)
FNDA:3,(anonymous_10)
FNDA:3,(anonymous_11)
FNDA:2,(anonymous_12)
DA:6,4
DA:7,2
DA:8,2
DA:9,2
DA:10,2
DA:11,1
DA:13,2
DA:14,1
DA:22,4
DA:23,3
DA:24,3
DA:25,3
DA:26,2
DA:27,2
DA:28,2
DA:29,2
DA:30,1
DA:32,1
DA:36,1
DA:43,4
DA:44,2
DA:45,2
DA:46,2
DA:47,2
DA:48,1
DA:50,1
DA:56,4
DA:57,3
DA:58,3
DA:59,3
DA:60,2
DA:61,2
DA:62,2
DA:63,1
DA:65,1
DA:69,1
LF:36
LH:36
BRDA:10,0,0,1
BRDA:10,0,1,1
BRDA:29,1,0,1
BRDA:29,1,1,1
BRDA:47,2,0,1
BRDA:47,2,1,1
BRDA:62,3,0,1
BRDA:62,3,1,1
BRF:8
BRH:8
end_of_record
TN:
SF:src\dao\documentDAO.mjs
FN:4,(anonymous_0)
FN:5,(anonymous_1)
FN:6,(anonymous_2)
FN:11,(anonymous_3)
FN:22,(anonymous_4)
FN:23,(anonymous_5)
FN:25,(anonymous_6)
FN:31,(anonymous_7)
FNF:8
FNH:8
FNDA:3,(anonymous_0)
FNDA:3,(anonymous_1)
FNDA:3,(anonymous_2)
FNDA:2,(anonymous_3)
FNDA:4,(anonymous_4)
FNDA:4,(anonymous_5)
FNDA:4,(anonymous_6)
FNDA:2,(anonymous_7)
DA:4,4
DA:5,3
DA:6,3
DA:7,3
DA:8,1
DA:10,2
DA:11,2
DA:12,2
DA:14,0
DA:22,4
DA:23,4
DA:25,4
DA:26,4
DA:27,1
DA:28,3
DA:29,1
DA:31,2
DA:32,2
DA:33,1
DA:35,1
LF:20
LH:19
BRDA:7,0,0,1
BRDA:7,0,1,2
BRDA:10,1,0,2
BRDA:10,1,1,0
BRDA:26,2,0,1
BRDA:26,2,1,3
BRDA:28,3,0,1
BRDA:28,3,1,2
BRDA:32,4,0,1
BRDA:32,4,1,1
BRF:10
BRH:9
end_of_record
TN:
SF:src\dao\linkTypeDAO.mjs
FN:3,(anonymous_0)
FN:4,(anonymous_1)
FN:6,(anonymous_2)
FN:10,(anonymous_3)
FN:17,(anonymous_4)
FN:18,(anonymous_5)
FN:19,(anonymous_6)
FNF:7
FNH:7
FNDA:2,(anonymous_0)
FNDA:2,(anonymous_1)
FNDA:2,(anonymous_2)
FNDA:4,(anonymous_3)
FNDA:3,(anonymous_4)
FNDA:3,(anonymous_5)
FNDA:3,(anonymous_6)
DA:3,5
DA:4,2
DA:5,2
DA:6,2
DA:7,2
DA:8,1
DA:10,4
DA:11,1
DA:17,5
DA:18,3
DA:19,3
DA:20,3
DA:21,1
DA:22,2
DA:23,1
DA:25,1
LF:16
LH:16
BRDA:7,0,0,1
BRDA:7,0,1,1
BRDA:20,1,0,1
BRDA:20,1,1,2
BRDA:22,2,0,1
BRDA:22,2,1,1
BRF:6
BRH:6
end_of_record
TN:
SF:src\dao\positionDAO.mjs
FN:4,(anonymous_0)
FN:5,(anonymous_1)
FN:6,(anonymous_2)
FN:11,(anonymous_3)
FN:22,(anonymous_4)
FN:23,(anonymous_5)
FN:24,(anonymous_6)
FNF:7
FNH:7
FNDA:3,(anonymous_0)
FNDA:3,(anonymous_1)
FNDA:3,(anonymous_2)
FNDA:2,(anonymous_3)
FNDA:2,(anonymous_4)
FNDA:2,(anonymous_5)
FNDA:2,(anonymous_6)
DA:4,4
DA:5,3
DA:6,3
DA:7,3
DA:8,1
DA:10,2
DA:11,2
DA:12,2
DA:14,0
DA:22,4
DA:23,2
DA:24,2
DA:25,2
DA:26,1
DA:28,1
LF:15
LH:14
BRDA:7,0,0,1
BRDA:7,0,1,2
BRDA:10,1,0,2
BRDA:10,1,1,0
BRDA:25,2,0,1
BRDA:25,2,1,1
BRF:6
BRH:5
end_of_record
TN:
SF:src\dao\userDAO.mjs
FN:4,(anonymous_0)
FN:5,(anonymous_1)
FN:7,(anonymous_2)
FNF:3
FNH:3
FNDA:4,(anonymous_0)
FNDA:4,(anonymous_1)
FNDA:4,(anonymous_2)
DA:4,4
DA:5,4
DA:6,4
DA:7,4
DA:8,4
DA:9,1
DA:10,1
DA:11,1
DA:14,3
DA:15,1
DA:17,2
DA:18,2
LF:12
LH:12
BRDA:8,0,0,1
BRDA:8,0,1,3
BRDA:14,1,0,1
BRDA:14,1,1,2
BRDA:18,2,0,1
BRDA:18,2,1,1
BRF:6
BRH:6
end_of_record
TN:
SF:src\database\db.mjs
FN:8,(anonymous_0)
FN:14,(anonymous_1)
FNF:2
FNH:2
FNDA:12,(anonymous_0)
FNDA:12,(anonymous_1)
DA:5,17
DA:8,17
DA:9,12
DA:10,0
DA:11,0
DA:14,12
DA:15,12
DA:16,0
DA:17,0
LF:9
LH:5
BRDA:9,0,0,0
BRDA:9,0,1,12
BRDA:15,1,0,0
BRDA:15,1,1,12
BRF:4
BRH:2
end_of_record
TN:
SF:src\models\association.mjs
FN:2,(anonymous_0)
FNF:1
FNH:1
FNDA:4,(anonymous_0)
DA:3,4
DA:4,4
DA:5,4
DA:6,4
LF:4
LH:4
BRF:0
BRH:0
end_of_record
TN:
SF:src\models\document.mjs
FN:2,(anonymous_0)
FNF:1
FNH:1
FNDA:2,(anonymous_0)
DA:3,2
DA:4,2
DA:5,2
DA:6,2
DA:7,2
DA:8,2
DA:9,2
DA:10,2
DA:11,2
DA:12,2
LF:10
LH:10
BRF:0
BRH:0
end_of_record
TN:
SF:src\models\position.mjs
FN:2,(anonymous_0)
FNF:1
FNH:1
FNDA:2,(anonymous_0)
DA:3,2
DA:4,2
DA:5,2
DA:6,2
LF:4
LH:4
BRF:0
BRH:0
end_of_record
TN:
SF:src\models\user.mjs
FN:2,(anonymous_0)
FNF:1
FNH:1
FNDA:2,(anonymous_0)
DA:3,2
DA:4,2
DA:5,2
DA:6,2
LF:4
LH:4
BRF:0
BRH:0
end_of_record
